#
# There is insufficient memory for the Java Runtime Environment to continue.
# Native memory allocation (malloc) failed to allocate 572016 bytes for Chunk::new
# Possible reasons:
#   The system is out of physical RAM or swap space
#   The process is running with CompressedOops enabled, and the Java Heap may be blocking the growth of the native heap
# Possible solutions:
#   Reduce memory load on the system
#   Increase physical memory or swap space
#   Check if swap backing store is full
#   Decrease Java heap size (-Xmx/-Xms)
#   Decrease number of Java threads
#   Decrease Java thread stack sizes (-Xss)
#   Set larger code cache with -XX:ReservedCodeCacheSize=
#   JVM is running with Unscaled Compressed Oops mode in which the Java heap is
#     placed in the first 4GB address space. The Java Heap base address is the
#     maximum limit for the native heap growth. Please use -XX:HeapBaseMinAddress
#     to set the Java Heap base and to place the Java Heap above 4GB virtual address.
# This output file may be truncated or incomplete.
#
#  Out of Memory Error (t:/workspace/open/src/hotspot/share/memory/arena.cpp:197), pid=2940, tid=5804
#
# JRE version: Java(TM) SE Runtime Environment (11.0.2+9) (build 11.0.2+9-LTS)
# Java VM: Java HotSpot(TM) 64-Bit Server VM (11.0.2+9-LTS, mixed mode, tiered, compressed oops, g1 gc, windows-amd64)
# No core dump will be written. Minidumps are not enabled by default on client versions of Windows
#

---------------  S U M M A R Y ------------

Command Line: -Dmaven.multiModuleProjectDirectory=C:\Users\User\IdeaProjects\example -Dmaven.home=C:\Program Files\JetBrains\IntelliJ IDEA 2018.3.3\plugins\maven\lib\maven3 -Dclassworlds.conf=C:\Program Files\JetBrains\IntelliJ IDEA 2018.3.3\plugins\maven\lib\maven3\bin\m2.conf -javaagent:C:\Program Files\JetBrains\IntelliJ IDEA 2018.3.3\lib\idea_rt.jar=49621:C:\Program Files\JetBrains\IntelliJ IDEA 2018.3.3\bin -Dfile.encoding=UTF-8 org.codehaus.classworlds.Launcher -Didea.version=2018.3.4 -DskipTests=true clean

Host: Intel(R) Core(TM)2 Duo CPU     T9300  @ 2.50GHz, 2 cores, 3G,  Windows 7 , 64 bit Build 7601 (6.1.7601.23572)
Time: Mon Feb 25 14:36:40 2019 Oeieyiaey (ceia) elapsed time: 1 seconds (0d 0h 0m 1s)

---------------  T H R E A D  ---------------

Current thread (0x000000001f42e000):  JavaThread "C2 CompilerThread0" daemon [_thread_in_native, id=5804, stack(0x000000001fd50000,0x000000001fe50000)]


Current CompileTask:
C2:   1237  989   !   4       sun.nio.cs.StreamDecoder::read (196 bytes)

Stack: [0x000000001fd50000,0x000000001fe50000]
Native frames: (J=compiled Java code, j=interpreted, Vv=VM code, C=native code)
V  [jvm.dll+0x63574a]
V  [jvm.dll+0x77326f]
V  [jvm.dll+0x77491a]
V  [jvm.dll+0x774fd3]
V  [jvm.dll+0x25e418]
V  [jvm.dll+0xc2141]
V  [jvm.dll+0xc26dc]
V  [jvm.dll+0x36d7b7]
V  [jvm.dll+0x33a8b3]
V  [jvm.dll+0x339c8a]
V  [jvm.dll+0x218245]
V  [jvm.dll+0x2173ea]
V  [jvm.dll+0x194200]
V  [jvm.dll+0x2263af]
V  [jvm.dll+0x2249b8]
V  [jvm.dll+0x738a9d]
V  [jvm.dll+0x6347f2]
C  [ucrtbase.DLL+0x1d885]
C  [kernel32.dll+0x159cd]
C  [ntdll.dll+0x2a561]


---------------  P R O C E S S  ---------------

Threads class SMR info:
_java_thread_list=0x000000002016c8e0, length=11, elements={
0x0000000000401800, 0x000000001e7cf000, 0x000000001f41c800, 0x000000001f42a000,
0x000000001f42b000, 0x000000001f42e000, 0x000000001f432800, 0x000000001f492800,
0x000000001f3d0800, 0x000000002016a800, 0x000000002016e800
}

Java Threads: ( => current thread )
  0x0000000000401800 JavaThread "main" [_thread_in_Java, id=4676, stack(0x0000000001cd0000,0x0000000001dd0000)]
  0x000000001e7cf000 JavaThread "Reference Handler" daemon [_thread_blocked, id=4596, stack(0x000000001f880000,0x000000001f980000)]
  0x000000001f41c800 JavaThread "Finalizer" daemon [_thread_blocked, id=4208, stack(0x000000001f780000,0x000000001f880000)]
  0x000000001f42a000 JavaThread "Signal Dispatcher" daemon [_thread_blocked, id=3628, stack(0x000000001e950000,0x000000001ea50000)]
  0x000000001f42b000 JavaThread "Attach Listener" daemon [_thread_blocked, id=5572, stack(0x000000001fb70000,0x000000001fc70000)]
=>0x000000001f42e000 JavaThread "C2 CompilerThread0" daemon [_thread_in_native, id=5804, stack(0x000000001fd50000,0x000000001fe50000)]
  0x000000001f432800 JavaThread "C1 CompilerThread0" daemon [_thread_blocked, id=4388, stack(0x000000001fa00000,0x000000001fb00000)]
  0x000000001f492800 JavaThread "Sweeper thread" daemon [_thread_blocked, id=5988, stack(0x000000001fed0000,0x000000001ffd0000)]
  0x000000001f3d0800 JavaThread "Common-Cleaner" daemon [_thread_blocked, id=3076, stack(0x00000000204c0000,0x00000000205c0000)]
  0x000000002016a800 JavaThread "Monitor Ctrl-Break" daemon [_thread_in_native, id=4872, stack(0x00000000208d0000,0x00000000209d0000)]
  0x000000002016e800 JavaThread "Service Thread" daemon [_thread_blocked, id=5780, stack(0x00000000205f0000,0x00000000206f0000)]

Other Threads:
  0x000000001e7cc000 VMThread "VM Thread" [stack: 0x000000001f5d0000,0x000000001f6d0000] [id=1984]
  0x0000000020183800 WatcherThread [stack: 0x00000000209e0000,0x0000000020ae0000] [id=3508]
  0x000000000041b000 GCTaskThread "GC Thread#0" [stack: 0x0000000019810000,0x0000000019910000] [id=5636]
  0x0000000020c73800 GCTaskThread "GC Thread#1" [stack: 0x00000000215a0000,0x00000000216a0000] [id=5524]
  0x0000000000439800 ConcurrentGCThread "G1 Main Marker" [stack: 0x000000001c210000,0x000000001c310000] [id=5644]
  0x000000000043c800 ConcurrentGCThread "G1 Conc#0" [stack: 0x000000001c4c0000,0x000000001c5c0000] [id=1228]
  0x0000000000489800 ConcurrentGCThread "G1 Refine#0" [stack: 0x000000001e830000,0x000000001e930000] [id=2972]
  0x00000000202da000 ConcurrentGCThread "G1 Refine#1" [stack: 0x0000000021770000,0x0000000021870000] [id=5264]
  0x000000000048a800 ConcurrentGCThread "G1 Young RemSet Sampling" [stack: 0x000000001ea50000,0x000000001eb50000] [id=5416]

Threads with active compile tasks:
C2 CompilerThread0 989   !   4       sun.nio.cs.StreamDecoder::read (196 bytes)

VM state:not at safepoint (normal execution)

VM Mutex/Monitor currently owned by a thread: None

Heap address: 0x00000000c0000000, size: 1024 MB, Compressed Oops mode: 32-bit
Narrow klass base: 0x0000000000000000, Narrow klass shift: 0
Compressed class space size: 1073741824 Address: 0x000000007fff0000

Heap:
 garbage-first heap   total 65536K, used 13506K [0x00000000c0000000, 0x0000000100000000)
  region size 1024K, 12 young (12288K), 1 survivors (1024K)
 Metaspace       used 13006K, capacity 13343K, committed 13568K, reserved 1060864K
  class space    used 1329K, capacity 1427K, committed 1536K, reserved 1048576K
Heap Regions: E=young(eden), S=young(survivor), O=old, HS=humongous(starts), HC=humongous(continues), CS=collection set, F=free, A=archive, TAMS=top-at-mark-start (previous, next)
|   0|0x00000000c0000000, 0x00000000c0100000, 0x00000000c0100000|100%| O|  |TAMS 0x00000000c0000000, 0x00000000c0000000| Untracked 
|   1|0x00000000c0100000, 0x00000000c0200000, 0x00000000c0200000|100%| O|  |TAMS 0x00000000c0100000, 0x00000000c0100000| Untracked 
|   2|0x00000000c0200000, 0x00000000c02d1c00, 0x00000000c0300000| 81%| O|  |TAMS 0x00000000c0200000, 0x00000000c0200000| Untracked 
|   3|0x00000000c0300000, 0x00000000c0300000, 0x00000000c0400000|  0%| F|  |TAMS 0x00000000c0300000, 0x00000000c0300000| Untracked 
|   4|0x00000000c0400000, 0x00000000c0400000, 0x00000000c0500000|  0%| F|  |TAMS 0x00000000c0400000, 0x00000000c0400000| Untracked 
|   5|0x00000000c0500000, 0x00000000c0500000, 0x00000000c0600000|  0%| F|  |TAMS 0x00000000c0500000, 0x00000000c0500000| Untracked 
|   6|0x00000000c0600000, 0x00000000c0600000, 0x00000000c0700000|  0%| F|  |TAMS 0x00000000c0600000, 0x00000000c0600000| Untracked 
|   7|0x00000000c0700000, 0x00000000c0700000, 0x00000000c0800000|  0%| F|  |TAMS 0x00000000c0700000, 0x00000000c0700000| Untracked 
|   8|0x00000000c0800000, 0x00000000c0800000, 0x00000000c0900000|  0%| F|  |TAMS 0x00000000c0800000, 0x00000000c0800000| Untracked 
|   9|0x00000000c0900000, 0x00000000c0900000, 0x00000000c0a00000|  0%| F|  |TAMS 0x00000000c0900000, 0x00000000c0900000| Untracked 
|  10|0x00000000c0a00000, 0x00000000c0a00000, 0x00000000c0b00000|  0%| F|  |TAMS 0x00000000c0a00000, 0x00000000c0a00000| Untracked 
|  11|0x00000000c0b00000, 0x00000000c0b00000, 0x00000000c0c00000|  0%| F|  |TAMS 0x00000000c0b00000, 0x00000000c0b00000| Untracked 
|  12|0x00000000c0c00000, 0x00000000c0c00000, 0x00000000c0d00000|  0%| F|  |TAMS 0x00000000c0c00000, 0x00000000c0c00000| Untracked 
|  13|0x00000000c0d00000, 0x00000000c0d00000, 0x00000000c0e00000|  0%| F|  |TAMS 0x00000000c0d00000, 0x00000000c0d00000| Untracked 
|  14|0x00000000c0e00000, 0x00000000c0e00000, 0x00000000c0f00000|  0%| F|  |TAMS 0x00000000c0e00000, 0x00000000c0e00000| Untracked 
|  15|0x00000000c0f00000, 0x00000000c0f00000, 0x00000000c1000000|  0%| F|  |TAMS 0x00000000c0f00000, 0x00000000c0f00000| Untracked 
|  16|0x00000000c1000000, 0x00000000c1000000, 0x00000000c1100000|  0%| F|  |TAMS 0x00000000c1000000, 0x00000000c1000000| Untracked 
|  17|0x00000000c1100000, 0x00000000c1100000, 0x00000000c1200000|  0%| F|  |TAMS 0x00000000c1100000, 0x00000000c1100000| Untracked 
|  18|0x00000000c1200000, 0x00000000c1200000, 0x00000000c1300000|  0%| F|  |TAMS 0x00000000c1200000, 0x00000000c1200000| Untracked 
|  19|0x00000000c1300000, 0x00000000c1300000, 0x00000000c1400000|  0%| F|  |TAMS 0x00000000c1300000, 0x00000000c1300000| Untracked 
|  20|0x00000000c1400000, 0x00000000c1400000, 0x00000000c1500000|  0%| F|  |TAMS 0x00000000c1400000, 0x00000000c1400000| Untracked 
|  21|0x00000000c1500000, 0x00000000c1500000, 0x00000000c1600000|  0%| F|  |TAMS 0x00000000c1500000, 0x00000000c1500000| Untracked 
|  22|0x00000000c1600000, 0x00000000c1600000, 0x00000000c1700000|  0%| F|  |TAMS 0x00000000c1600000, 0x00000000c1600000| Untracked 
|  23|0x00000000c1700000, 0x00000000c1700000, 0x00000000c1800000|  0%| F|  |TAMS 0x00000000c1700000, 0x00000000c1700000| Untracked 
|  24|0x00000000c1800000, 0x00000000c1800000, 0x00000000c1900000|  0%| F|  |TAMS 0x00000000c1800000, 0x00000000c1800000| Untracked 
|  25|0x00000000c1900000, 0x00000000c1900000, 0x00000000c1a00000|  0%| F|  |TAMS 0x00000000c1900000, 0x00000000c1900000| Untracked 
|  26|0x00000000c1a00000, 0x00000000c1a00000, 0x00000000c1b00000|  0%| F|  |TAMS 0x00000000c1a00000, 0x00000000c1a00000| Untracked 
|  27|0x00000000c1b00000, 0x00000000c1b00000, 0x00000000c1c00000|  0%| F|  |TAMS 0x00000000c1b00000, 0x00000000c1b00000| Untracked 
|  28|0x00000000c1c00000, 0x00000000c1c00000, 0x00000000c1d00000|  0%| F|  |TAMS 0x00000000c1c00000, 0x00000000c1c00000| Untracked 
|  29|0x00000000c1d00000, 0x00000000c1d00000, 0x00000000c1e00000|  0%| F|  |TAMS 0x00000000c1d00000, 0x00000000c1d00000| Untracked 
|  30|0x00000000c1e00000, 0x00000000c1e00000, 0x00000000c1f00000|  0%| F|  |TAMS 0x00000000c1e00000, 0x00000000c1e00000| Untracked 
|  31|0x00000000c1f00000, 0x00000000c1f00000, 0x00000000c2000000|  0%| F|  |TAMS 0x00000000c1f00000, 0x00000000c1f00000| Untracked 
|  32|0x00000000c2000000, 0x00000000c2000000, 0x00000000c2100000|  0%| F|  |TAMS 0x00000000c2000000, 0x00000000c2000000| Untracked 
|  33|0x00000000c2100000, 0x00000000c2100000, 0x00000000c2200000|  0%| F|  |TAMS 0x00000000c2100000, 0x00000000c2100000| Untracked 
|  34|0x00000000c2200000, 0x00000000c2200000, 0x00000000c2300000|  0%| F|  |TAMS 0x00000000c2200000, 0x00000000c2200000| Untracked 
|  35|0x00000000c2300000, 0x00000000c2300000, 0x00000000c2400000|  0%| F|  |TAMS 0x00000000c2300000, 0x00000000c2300000| Untracked 
|  36|0x00000000c2400000, 0x00000000c2400000, 0x00000000c2500000|  0%| F|  |TAMS 0x00000000c2400000, 0x00000000c2400000| Untracked 
|  37|0x00000000c2500000, 0x00000000c2500000, 0x00000000c2600000|  0%| F|  |TAMS 0x00000000c2500000, 0x00000000c2500000| Untracked 
|  38|0x00000000c2600000, 0x00000000c2600000, 0x00000000c2700000|  0%| F|  |TAMS 0x00000000c2600000, 0x00000000c2600000| Untracked 
|  39|0x00000000c2700000, 0x00000000c2700000, 0x00000000c2800000|  0%| F|  |TAMS 0x00000000c2700000, 0x00000000c2700000| Untracked 
|  40|0x00000000c2800000, 0x00000000c2800000, 0x00000000c2900000|  0%| F|  |TAMS 0x00000000c2800000, 0x00000000c2800000| Untracked 
|  41|0x00000000c2900000, 0x00000000c2900000, 0x00000000c2a00000|  0%| F|  |TAMS 0x00000000c2900000, 0x00000000c2900000| Untracked 
|  42|0x00000000c2a00000, 0x00000000c2a00000, 0x00000000c2b00000|  0%| F|  |TAMS 0x00000000c2a00000, 0x00000000c2a00000| Untracked 
|  43|0x00000000c2b00000, 0x00000000c2b00000, 0x00000000c2c00000|  0%| F|  |TAMS 0x00000000c2b00000, 0x00000000c2b00000| Untracked 
|  44|0x00000000c2c00000, 0x00000000c2c00000, 0x00000000c2d00000|  0%| F|  |TAMS 0x00000000c2c00000, 0x00000000c2c00000| Untracked 
|  45|0x00000000c2d00000, 0x00000000c2d00000, 0x00000000c2e00000|  0%| F|  |TAMS 0x00000000c2d00000, 0x00000000c2d00000| Untracked 
|  46|0x00000000c2e00000, 0x00000000c2e00000, 0x00000000c2f00000|  0%| F|  |TAMS 0x00000000c2e00000, 0x00000000c2e00000| Untracked 
|  47|0x00000000c2f00000, 0x00000000c2f00000, 0x00000000c3000000|  0%| F|  |TAMS 0x00000000c2f00000, 0x00000000c2f00000| Untracked 
|  48|0x00000000c3000000, 0x00000000c3000000, 0x00000000c3100000|  0%| F|  |TAMS 0x00000000c3000000, 0x00000000c3000000| Untracked 
|  49|0x00000000c3100000, 0x00000000c3100000, 0x00000000c3200000|  0%| F|  |TAMS 0x00000000c3100000, 0x00000000c3100000| Untracked 
|  50|0x00000000c3200000, 0x00000000c3200000, 0x00000000c3300000|  0%| F|  |TAMS 0x00000000c3200000, 0x00000000c3200000| Untracked 
|  51|0x00000000c3300000, 0x00000000c3300000, 0x00000000c3400000|  0%| F|  |TAMS 0x00000000c3300000, 0x00000000c3300000| Untracked 
|  52|0x00000000c3400000, 0x00000000c34ec310, 0x00000000c3500000| 92%| E|  |TAMS 0x00000000c3400000, 0x00000000c3400000| Complete 
|  53|0x00000000c3500000, 0x00000000c3600000, 0x00000000c3600000|100%| E|CS|TAMS 0x00000000c3500000, 0x00000000c3500000| Complete 
|  54|0x00000000c3600000, 0x00000000c3700000, 0x00000000c3700000|100%| E|CS|TAMS 0x00000000c3600000, 0x00000000c3600000| Complete 
|  55|0x00000000c3700000, 0x00000000c3800000, 0x00000000c3800000|100%| E|CS|TAMS 0x00000000c3700000, 0x00000000c3700000| Complete 
|  56|0x00000000c3800000, 0x00000000c3900000, 0x00000000c3900000|100%| E|CS|TAMS 0x00000000c3800000, 0x00000000c3800000| Complete 
|  57|0x00000000c3900000, 0x00000000c3a00000, 0x00000000c3a00000|100%| E|CS|TAMS 0x00000000c3900000, 0x00000000c3900000| Complete 
|  58|0x00000000c3a00000, 0x00000000c3a5edd0, 0x00000000c3b00000| 37%| S|CS|TAMS 0x00000000c3a00000, 0x00000000c3a00000| Complete 
|  59|0x00000000c3b00000, 0x00000000c3c00000, 0x00000000c3c00000|100%| E|CS|TAMS 0x00000000c3b00000, 0x00000000c3b00000| Complete 
|  60|0x00000000c3c00000, 0x00000000c3d00000, 0x00000000c3d00000|100%| E|CS|TAMS 0x00000000c3c00000, 0x00000000c3c00000| Complete 
|  61|0x00000000c3d00000, 0x00000000c3e00000, 0x00000000c3e00000|100%| E|CS|TAMS 0x00000000c3d00000, 0x00000000c3d00000| Complete 
|  62|0x00000000c3e00000, 0x00000000c3f00000, 0x00000000c3f00000|100%| E|CS|TAMS 0x00000000c3e00000, 0x00000000c3e00000| Complete 
|  63|0x00000000c3f00000, 0x00000000c4000000, 0x00000000c4000000|100%| E|CS|TAMS 0x00000000c3f00000, 0x00000000c3f00000| Complete 

Card table byte_map: [0x0000000019d30000,0x0000000019f30000] _byte_map_base: 0x0000000019730000

Marking Bits (Prev, Next): (CMBitMap*) 0x0000000000434c08, (CMBitMap*) 0x0000000000434c40
 Prev Bits: [0x000000001a130000, 0x000000001b130000)
 Next Bits: [0x000000001b130000, 0x000000001c130000)

Polling page: 0x0000000000220000

Metaspace:

Usage:
  Non-class:     11.64 MB capacity,    11.40 MB ( 98%) used,   224.42 KB (  2%) free+waste,    14.25 KB ( <1%) overhead. 
      Class:      1.39 MB capacity,     1.30 MB ( 93%) used,    91.10 KB (  6%) free+waste,     6.25 KB ( <1%) overhead. 
       Both:     13.03 MB capacity,    12.70 MB ( 97%) used,   315.52 KB (  2%) free+waste,    20.50 KB ( <1%) overhead. 

Virtual space:
  Non-class space:       12.00 MB reserved,      11.75 MB ( 98%) committed 
      Class space:        1.00 GB reserved,       1.50 MB ( <1%) committed 
             Both:        1.01 GB reserved,      13.25 MB (  1%) committed 

Chunk freelists:
   Non-Class:  6.50 KB
       Class:  1.63 KB
        Both:  8.13 KB

CodeHeap 'non-profiled nmethods': size=120064Kb used=309Kb max_used=309Kb free=119754Kb
 bounds [0x0000000012020000, 0x0000000012290000, 0x0000000019560000]
CodeHeap 'profiled nmethods': size=120000Kb used=2013Kb max_used=2013Kb free=117986Kb
 bounds [0x000000000aaf0000, 0x000000000ad60000, 0x0000000012020000]
CodeHeap 'non-nmethods': size=5696Kb used=1069Kb max_used=1083Kb free=4626Kb
 bounds [0x000000000a560000, 0x000000000a7d0000, 0x000000000aaf0000]
 total_blobs=1609 nmethods=1011 adapters=293
 compilation: enabled
              stopped_count=0, restarted_count=0
 full_count=0

Compilation events (10 events):
Event: 1.231 Thread 0x000000001f432800 nmethod 1004 0x000000001206cf90 code [0x000000001206d140, 0x000000001206d258]
Event: 1.231 Thread 0x000000001f432800 1005       3       java.lang.StringCoding::decodeUTF8 (45 bytes)
Event: 1.232 Thread 0x000000001f432800 nmethod 1005 0x000000000acdf710 code [0x000000000acdf920, 0x000000000acdfe00]
Event: 1.232 Thread 0x000000001f432800 1006       3       java.util.HashMap::isEmpty (13 bytes)
Event: 1.233 Thread 0x000000001f432800 nmethod 1006 0x000000000acdff90 code [0x000000000ace0140, 0x000000000ace02f8]
Event: 1.233 Thread 0x000000001f432800 1007       3       org.codehaus.plexus.util.xml.pull.MXParser::getName (84 bytes)
Event: 1.234 Thread 0x000000001f432800 nmethod 1007 0x000000000ace0390 code [0x000000000ace05a0, 0x000000000ace0b60]
Event: 1.234 Thread 0x000000001f432800 1008       3       org.codehaus.plexus.util.xml.pull.MXParser::isWhitespace (116 bytes)
Event: 1.234 Thread 0x000000001f432800 nmethod 1008 0x000000000ace0e10 code [0x000000000ace1040, 0x000000000ace18d0]
Event: 1.235 Thread 0x000000001f432800 1009       3       org.codehaus.plexus.util.xml.pull.MXParser::nextTag (82 bytes)

GC Heap History (4 events):
Event: 0.676 GC heap before
{Heap before GC invocations=0 (full 0):
 garbage-first heap   total 65536K, used 7168K [0x00000000c0000000, 0x0000000100000000)
  region size 1024K, 7 young (7168K), 0 survivors (0K)
 Metaspace       used 8981K, capacity 9173K, committed 9344K, reserved 1058816K
  class space    used 812K, capacity 887K, committed 896K, reserved 1048576K
}
Event: 0.683 GC heap after
{Heap after GC invocations=1 (full 0):
 garbage-first heap   total 65536K, used 2828K [0x00000000c0000000, 0x0000000100000000)
  region size 1024K, 1 young (1024K), 1 survivors (1024K)
 Metaspace       used 8981K, capacity 9173K, committed 9344K, reserved 1058816K
  class space    used 812K, capacity 887K, committed 896K, reserved 1048576K
}
Event: 0.930 GC heap before
{Heap before GC invocations=1 (full 0):
 garbage-first heap   total 65536K, used 7948K [0x00000000c0000000, 0x0000000100000000)
  region size 1024K, 6 young (6144K), 1 survivors (1024K)
 Metaspace       used 10825K, capacity 11110K, committed 11136K, reserved 1058816K
  class space    used 1046K, capacity 1129K, committed 1152K, reserved 1048576K
}
Event: 0.934 GC heap after
{Heap after GC invocations=2 (full 0):
 garbage-first heap   total 65536K, used 3266K [0x00000000c0000000, 0x0000000100000000)
  region size 1024K, 1 young (1024K), 1 survivors (1024K)
 Metaspace       used 10825K, capacity 11110K, committed 11136K, reserved 1058816K
  class space    used 1046K, capacity 1129K, committed 1152K, reserved 1048576K
}

Deoptimization events (10 events):
Event: 0.522 Thread 0x0000000000401800 Uncommon trap: reason=class_check action=maybe_recompile pc=0x000000001202e004 method=java.util.HashMap.putVal(ILjava/lang/Object;Ljava/lang/Object;ZZ)Ljava/lang/Object; @ 253 c2
Event: 0.569 Thread 0x0000000000401800 Uncommon trap: reason=unstable_if action=reinterpret pc=0x000000001202ed00 method=java.lang.String.isLatin1()Z @ 10 c2
Event: 0.641 Thread 0x0000000000401800 Uncommon trap: reason=class_check action=maybe_recompile pc=0x000000001202e004 method=java.util.HashMap.putVal(ILjava/lang/Object;Ljava/lang/Object;ZZ)Ljava/lang/Object; @ 253 c2
Event: 0.762 Thread 0x0000000000401800 Uncommon trap: reason=unstable_if action=reinterpret pc=0x0000000012033464 method=java.lang.StringLatin1.canEncode(I)Z @ 4 c2
Event: 0.762 Thread 0x0000000000401800 Uncommon trap: reason=unstable_if action=reinterpret pc=0x0000000012032544 method=java.lang.AbstractStringBuilder.isLatin1()Z @ 10 c2
Event: 0.767 Thread 0x0000000000401800 Uncommon trap: reason=unstable_if action=reinterpret pc=0x00000000120339d4 method=java.lang.StringLatin1.canEncode(I)Z @ 4 c2
Event: 1.031 Thread 0x0000000000401800 Uncommon trap: reason=unstable_if action=reinterpret pc=0x000000001205d458 method=java.util.HashMap.getNode(ILjava/lang/Object;)Ljava/util/HashMap$Node; @ 62 c2
Event: 1.031 Thread 0x0000000000401800 Uncommon trap: reason=class_check action=maybe_recompile pc=0x000000001204ebbc method=java.util.HashMap.putVal(ILjava/lang/Object;Ljava/lang/Object;ZZ)Ljava/lang/Object; @ 91 c2
Event: 1.036 Thread 0x0000000000401800 Uncommon trap: reason=class_check action=maybe_recompile pc=0x000000001204ebbc method=java.util.HashMap.putVal(ILjava/lang/Object;Ljava/lang/Object;ZZ)Ljava/lang/Object; @ 91 c2
Event: 1.168 Thread 0x0000000000401800 Uncommon trap: reason=unstable_if action=reinterpret pc=0x0000000012066f94 method=java.util.HashMap.putVal(ILjava/lang/Object;Ljava/lang/Object;ZZ)Ljava/lang/Object; @ 181 c2

Classes redefined (0 events):
No events

Internal exceptions (2 events):
Event: 0.650 Thread 0x0000000000401800 Exception <a 'java/lang/NoSuchMethodError'{0x00000000c399b088}: java.lang.invoke.DirectMethodHandle$Holder.invokeSpecialIFC(Ljava/lang/Object;Ljava/lang/Object;I)I> (0x00000000c399b088) thrown at [t:/workspace/open/src/hotspot/share/interpreter/linkResolv
Event: 1.125 Thread 0x000000001f42b000 Exception <a 'java/lang/NoSuchMethodError'{0x00000000c3bd7a50}: java.lang.invoke.DirectMethodHandle$Holder.invokeStaticInit(Ljava/lang/Object;I)Ljava/lang/Object;> (0x00000000c3bd7a50) thrown at [t:/workspace/open/src/hotspot/share/interpreter/linkResolve

Events (10 events):
Event: 1.216 loading class org/eclipse/aether/impl/MetadataGeneratorFactory
Event: 1.216 loading class org/eclipse/aether/impl/MetadataGeneratorFactory done
Event: 1.231 loading class org/apache/maven/artifact/deployer/ArtifactDeployer
Event: 1.231 loading class org/apache/maven/artifact/deployer/ArtifactDeployer done
Event: 1.233 loading class org/apache/maven/artifact/installer/ArtifactInstaller
Event: 1.233 loading class org/apache/maven/artifact/installer/ArtifactInstaller done
Event: 1.235 loading class org/apache/maven/artifact/manager/WagonManager
Event: 1.235 loading class org/apache/maven/artifact/manager/WagonManager done
Event: 1.235 loading class org/apache/maven/repository/legacy/WagonManager
Event: 1.235 loading class org/apache/maven/repository/legacy/WagonManager done


Dynamic libraries:
0x000000013f030000 - 0x000000013f077000 	C:\JDK\jdk-11.0.2\jdk-11.0.2\bin\java.exe
0x00000000779f0000 - 0x0000000077b9a000 	C:\Windows\SYSTEM32\ntdll.dll
0x000007fee9660000 - 0x000007fee9672000 	C:\Program Files\AVAST Software\Avast\aswhook.dll
0x00000000778d0000 - 0x00000000779ef000 	C:\Windows\system32\kernel32.dll
0x000007fefda20000 - 0x000007fefda8a000 	C:\Windows\system32\KERNELBASE.dll
0x000007fefdd40000 - 0x000007fefde1b000 	C:\Windows\system32\ADVAPI32.dll
0x000007fefeaa0000 - 0x000007fefeb3f000 	C:\Windows\system32\msvcrt.dll
0x000007fefe0f0000 - 0x000007fefe10f000 	C:\Windows\SYSTEM32\sechost.dll
0x000007fefe8f0000 - 0x000007fefea1d000 	C:\Windows\system32\RPCRT4.dll
0x00000000777d0000 - 0x00000000778ca000 	C:\Windows\system32\USER32.dll
0x000007fefe880000 - 0x000007fefe8e7000 	C:\Windows\system32\GDI32.dll
0x000007fefe4d0000 - 0x000007fefe4de000 	C:\Windows\system32\LPK.dll
0x000007fefe4e0000 - 0x000007fefe5aa000 	C:\Windows\system32\USP10.dll
0x000007fefc180000 - 0x000007fefc374000 	C:\Windows\WinSxS\amd64_microsoft.windows.common-controls_6595b64144ccf1df_6.0.7601.18837_none_fa3b1e3d17594757\COMCTL32.dll
0x000007feffc50000 - 0x000007feffcc1000 	C:\Windows\system32\SHLWAPI.dll
0x000007fefc810000 - 0x000007fefc81c000 	C:\Windows\system32\VERSION.dll
0x000007fefea20000 - 0x000007fefea4e000 	C:\Windows\system32\IMM32.DLL
0x000007fefe3c0000 - 0x000007fefe4c9000 	C:\Windows\system32\MSCTF.dll
0x000007fefa720000 - 0x000007fefa723000 	C:\Windows\system32\api-ms-win-core-synch-l1-2-0.DLL
0x000007fed2540000 - 0x000007fed2556000 	C:\JDK\jdk-11.0.2\jdk-11.0.2\bin\vcruntime140.dll
0x000007fed2570000 - 0x000007fed2574000 	C:\JDK\jdk-11.0.2\jdk-11.0.2\bin\api-ms-win-crt-runtime-l1-1-0.dll
0x000007fed2440000 - 0x000007fed2536000 	C:\JDK\jdk-11.0.2\jdk-11.0.2\bin\ucrtbase.DLL
0x000007fee6530000 - 0x000007fee6533000 	C:\JDK\jdk-11.0.2\jdk-11.0.2\bin\api-ms-win-core-localization-l1-2-0.dll
0x000007fed2560000 - 0x000007fed2563000 	C:\JDK\jdk-11.0.2\jdk-11.0.2\bin\api-ms-win-core-processthreads-l1-1-1.dll
0x000007fed2420000 - 0x000007fed2423000 	C:\JDK\jdk-11.0.2\jdk-11.0.2\bin\api-ms-win-core-file-l1-2-0.dll
0x000007fed2430000 - 0x000007fed2433000 	C:\JDK\jdk-11.0.2\jdk-11.0.2\bin\api-ms-win-core-timezone-l1-1-0.dll
0x000007fed2400000 - 0x000007fed2403000 	C:\JDK\jdk-11.0.2\jdk-11.0.2\bin\api-ms-win-core-file-l2-1-0.dll
0x000007fed2410000 - 0x000007fed2414000 	C:\JDK\jdk-11.0.2\jdk-11.0.2\bin\api-ms-win-crt-string-l1-1-0.dll
0x000007fed23e0000 - 0x000007fed23e3000 	C:\JDK\jdk-11.0.2\jdk-11.0.2\bin\api-ms-win-crt-heap-l1-1-0.dll
0x000007fed23f0000 - 0x000007fed23f4000 	C:\JDK\jdk-11.0.2\jdk-11.0.2\bin\api-ms-win-crt-stdio-l1-1-0.dll
0x000007fed23c0000 - 0x000007fed23c4000 	C:\JDK\jdk-11.0.2\jdk-11.0.2\bin\api-ms-win-crt-convert-l1-1-0.dll
0x000007fed2310000 - 0x000007fed23ba000 	C:\JDK\jdk-11.0.2\jdk-11.0.2\bin\msvcp140.dll
0x000007fed23d0000 - 0x000007fed23d3000 	C:\JDK\jdk-11.0.2\jdk-11.0.2\bin\api-ms-win-crt-locale-l1-1-0.dll
0x000007fed22f0000 - 0x000007fed22f5000 	C:\JDK\jdk-11.0.2\jdk-11.0.2\bin\api-ms-win-crt-math-l1-1-0.dll
0x000007fed2300000 - 0x000007fed2305000 	C:\JDK\jdk-11.0.2\jdk-11.0.2\bin\api-ms-win-crt-multibyte-l1-1-0.dll
0x000007fed22d0000 - 0x000007fed22d3000 	C:\JDK\jdk-11.0.2\jdk-11.0.2\bin\api-ms-win-crt-time-l1-1-0.dll
0x000007fed22e0000 - 0x000007fed22e3000 	C:\JDK\jdk-11.0.2\jdk-11.0.2\bin\api-ms-win-crt-filesystem-l1-1-0.dll
0x000007fed22b0000 - 0x000007fed22b3000 	C:\JDK\jdk-11.0.2\jdk-11.0.2\bin\api-ms-win-crt-environment-l1-1-0.dll
0x000007fed22c0000 - 0x000007fed22c3000 	C:\JDK\jdk-11.0.2\jdk-11.0.2\bin\api-ms-win-crt-utility-l1-1-0.dll
0x000007fed0a90000 - 0x000007fed15b7000 	C:\JDK\jdk-11.0.2\jdk-11.0.2\bin\server\jvm.dll
0x000007fef9530000 - 0x000007fef9539000 	C:\Windows\system32\WSOCK32.dll
0x000007fefea50000 - 0x000007fefea9d000 	C:\Windows\system32\WS2_32.dll
0x000007feffcd0000 - 0x000007feffcd8000 	C:\Windows\system32\NSI.dll
0x000007fef5920000 - 0x000007fef595b000 	C:\Windows\system32\WINMM.dll
0x0000000077bc0000 - 0x0000000077bc7000 	C:\Windows\system32\PSAPI.DLL
0x000007fed2290000 - 0x000007fed22a1000 	C:\JDK\jdk-11.0.2\jdk-11.0.2\bin\verify.dll
0x000007fef8690000 - 0x000007fef87b5000 	C:\Windows\system32\DBGHELP.DLL
0x000007fed2260000 - 0x000007fed2289000 	C:\JDK\jdk-11.0.2\jdk-11.0.2\bin\java.dll
0x000007fefa340000 - 0x000007fefa36f000 	C:\JDK\jdk-11.0.2\jdk-11.0.2\bin\instrument.dll
0x000007fed2240000 - 0x000007fed2256000 	C:\JDK\jdk-11.0.2\jdk-11.0.2\bin\zip.dll
0x000007fed2230000 - 0x000007fed223a000 	C:\JDK\jdk-11.0.2\jdk-11.0.2\bin\jimage.dll
0x000007fefeb40000 - 0x000007feff8ca000 	C:\Windows\system32\SHELL32.dll
0x000007fefe1b0000 - 0x000007fefe3b3000 	C:\Windows\system32\ole32.dll
0x000007fefd720000 - 0x000007fefd72f000 	C:\Windows\system32\profapi.dll
0x000007fed2210000 - 0x000007fed2229000 	C:\JDK\jdk-11.0.2\jdk-11.0.2\bin\net.dll
0x000007fef8910000 - 0x000007fef8981000 	C:\Windows\system32\WINHTTP.dll
0x000007fef88a0000 - 0x000007fef8905000 	C:\Windows\system32\webio.dll
0x000007fefdf00000 - 0x000007fefe084000 	C:\Windows\system32\urlmon.dll
0x000007fefd770000 - 0x000007fefd774000 	C:\Windows\system32\api-ms-win-downlevel-ole32-l1-1-0.dll
0x000007fefd740000 - 0x000007fefd744000 	C:\Windows\system32\api-ms-win-downlevel-shlwapi-l1-1-0.dll
0x000007fefd890000 - 0x000007fefd895000 	C:\Windows\system32\api-ms-win-downlevel-advapi32-l1-1-0.dll
0x000007fefdad0000 - 0x000007fefdad4000 	C:\Windows\system32\api-ms-win-downlevel-user32-l1-1-0.dll
0x000007fefd860000 - 0x000007fefd864000 	C:\Windows\system32\api-ms-win-downlevel-version-l1-1-0.dll
0x000007fefd8a0000 - 0x000007fefd8a3000 	C:\Windows\system32\api-ms-win-downlevel-normaliz-l1-1-0.dll
0x0000000077bb0000 - 0x0000000077bb3000 	C:\Windows\system32\normaliz.DLL
0x000007fefe5b0000 - 0x000007fefe87a000 	C:\Windows\system32\iertutil.dll
0x000007feff8d0000 - 0x000007feffba2000 	C:\Windows\system32\WININET.dll
0x000007fefd750000 - 0x000007fefd76e000 	C:\Windows\system32\USERENV.dll
0x000007fefcf50000 - 0x000007fefcfa5000 	C:\Windows\system32\mswsock.dll
0x000007fefd440000 - 0x000007fefd447000 	C:\Windows\System32\wship6.dll
0x000007fed21f0000 - 0x000007fed2203000 	C:\JDK\jdk-11.0.2\jdk-11.0.2\bin\nio.dll
0x000007fef4e70000 - 0x000007fef4e8a000 	C:\Program Files\JetBrains\IntelliJ IDEA 2018.3.3\bin\breakgen64.dll

dbghelp: loaded successfully - version: 4.0.5 - missing functions: none
symbol engine: initialized successfully - sym options: 0x614 - pdb path: .;C:\JDK\jdk-11.0.2\jdk-11.0.2\bin;C:\Windows\SYSTEM32;C:\Program Files\AVAST Software\Avast;C:\Windows\WinSxS\amd64_microsoft.windows.common-controls_6595b64144ccf1df_6.0.7601.18837_none_fa3b1e3d17594757;C:\JDK\jdk-11.0.2\jdk-11.0.2\bin\server;C:\Program Files\JetBrains\IntelliJ IDEA 2018.3.3\bin

VM Arguments:
jvm_args: -Dmaven.multiModuleProjectDirectory=C:\Users\User\IdeaProjects\example -Dmaven.home=C:\Program Files\JetBrains\IntelliJ IDEA 2018.3.3\plugins\maven\lib\maven3 -Dclassworlds.conf=C:\Program Files\JetBrains\IntelliJ IDEA 2018.3.3\plugins\maven\lib\maven3\bin\m2.conf -javaagent:C:\Program Files\JetBrains\IntelliJ IDEA 2018.3.3\lib\idea_rt.jar=49621:C:\Program Files\JetBrains\IntelliJ IDEA 2018.3.3\bin -Dfile.encoding=UTF-8 
java_command: org.codehaus.classworlds.Launcher -Didea.version=2018.3.4 -DskipTests=true clean
java_class_path (initial): C:\Program Files\JetBrains\IntelliJ IDEA 2018.3.3\plugins\maven\lib\maven3\boot\plexus-classworlds-2.5.2.jar
Launcher Type: SUN_STANDARD

[Global flags]
     intx CICompilerCount                          = 2                                         {product} {ergonomic}
     uint ConcGCThreads                            = 1                                         {product} {ergonomic}
     uint G1ConcRefinementThreads                  = 2                                         {product} {ergonomic}
   size_t G1HeapRegionSize                         = 1048576                                   {product} {ergonomic}
    uintx GCDrainStackTargetSize                   = 64                                        {product} {ergonomic}
   size_t InitialHeapSize                          = 67108864                                  {product} {ergonomic}
   size_t MarkStackSize                            = 4194304                                   {product} {ergonomic}
   size_t MaxHeapSize                              = 1073741824                                {product} {ergonomic}
   size_t MaxNewSize                               = 643825664                                 {product} {ergonomic}
   size_t MinHeapDeltaBytes                        = 1048576                                   {product} {ergonomic}
    uintx NonNMethodCodeHeapSize                   = 5824844                                {pd product} {ergonomic}
    uintx NonProfiledCodeHeapSize                  = 122916698                              {pd product} {ergonomic}
    uintx ProfiledCodeHeapSize                     = 122916698                              {pd product} {ergonomic}
    uintx ReservedCodeCacheSize                    = 251658240                              {pd product} {ergonomic}
     bool SegmentedCodeCache                       = true                                      {product} {ergonomic}
     bool UseCompressedClassPointers               = true                                 {lp64_product} {ergonomic}
     bool UseCompressedOops                        = true                                 {lp64_product} {ergonomic}
     bool UseG1GC                                  = true                                      {product} {ergonomic}
     bool UseLargePagesIndividualAllocation        = false                                  {pd product} {ergonomic}

Logging:
Log output configuration:
 #0: stdout all=warning uptime,level,tags
 #1: stderr all=off uptime,level,tags

Environment Variables:
JAVA_HOME=C:\JDK\jdk-11.0.2\jdk-11.0.2
PATH=C:\Windows\system32;C:\Windows;C:\Windows\System32\Wbem;C:\Windows\System32\WindowsPowerShell\v1.0\;C:\Program Files\Git\cmd;C:\JDK\jdk-11.0.2\jdk-11.0.2\bin;C:\MAVEN\apache-maven-3.6.0\apache-maven-3.6.0\bin
USERNAME=User
OS=Windows_NT
PROCESSOR_IDENTIFIER=Intel64 Family 6 Model 23 Stepping 6, GenuineIntel



---------------  S Y S T E M  ---------------

OS: Windows 7 , 64 bit Build 7601 (6.1.7601.23572)

CPU:total 2 (initial active 2) (2 cores per cpu, 1 threads per core) family 6 model 23 stepping 6, cmov, cx8, fxsr, mmx, sse, sse2, sse3, ssse3, sse4.1, tsc

Memory: 4k page, system-wide physical 4093M (624M free)
TotalPageFile size 4092M (AvailPageFile size 5M)
current process WorkingSet (physical memory assigned to process): 64M, peak: 64M
current process commit charge ("private bytes"): 150M, peak: 150M

vm_info: Java HotSpot(TM) 64-Bit Server VM (11.0.2+9-LTS) for windows-amd64 JRE (11.0.2+9-LTS), built on Jan 18 2019 05:24:10 by "mach5one" with MS VC++ 15.5 (VS2017)

END.
