#
# There is insufficient memory for the Java Runtime Environment to continue.
# Native memory allocation (mmap) failed to map 31457280 bytes for Failed to commit area from 0x00000000c9500000 to 0x00000000cb300000 of length 31457280.
# Possible reasons:
#   The system is out of physical RAM or swap space
#   The process is running with CompressedOops enabled, and the Java Heap may be blocking the growth of the native heap
# Possible solutions:
#   Reduce memory load on the system
#   Increase physical memory or swap space
#   Check if swap backing store is full
#   Decrease Java heap size (-Xmx/-Xms)
#   Decrease number of Java threads
#   Decrease Java thread stack sizes (-Xss)
#   Set larger code cache with -XX:ReservedCodeCacheSize=
#   JVM is running with Unscaled Compressed Oops mode in which the Java heap is
#     placed in the first 4GB address space. The Java Heap base address is the
#     maximum limit for the native heap growth. Please use -XX:HeapBaseMinAddress
#     to set the Java Heap base and to place the Java Heap above 4GB virtual address.
# This output file may be truncated or incomplete.
#
#  Out of Memory Error (t:/workspace/open/src/hotspot/os/windows/os_windows.cpp:3269), pid=3176, tid=4904
#
# JRE version: Java(TM) SE Runtime Environment (11.0.2+9) (build 11.0.2+9-LTS)
# Java VM: Java HotSpot(TM) 64-Bit Server VM (11.0.2+9-LTS, mixed mode, tiered, compressed oops, g1 gc, windows-amd64)
# No core dump will be written. Minidumps are not enabled by default on client versions of Windows
#

---------------  S U M M A R Y ------------

Command Line: -Dmaven.multiModuleProjectDirectory=C:\Users\User\IdeaProjects\example -Dmaven.home=C:\Program Files\JetBrains\IntelliJ IDEA 2018.3.3\plugins\maven\lib\maven3 -Dclassworlds.conf=C:\Program Files\JetBrains\IntelliJ IDEA 2018.3.3\plugins\maven\lib\maven3\bin\m2.conf -javaagent:C:\Program Files\JetBrains\IntelliJ IDEA 2018.3.3\lib\idea_rt.jar=49509:C:\Program Files\JetBrains\IntelliJ IDEA 2018.3.3\bin -Dfile.encoding=UTF-8 org.codehaus.classworlds.Launcher -Didea.version=2018.3.4 -DskipTests=true clean install

Host: Intel(R) Core(TM)2 Duo CPU     T9300  @ 2.50GHz, 2 cores, 3G,  Windows 7 , 64 bit Build 7601 (6.1.7601.23572)
Time: Mon Feb 25 14:24:01 2019 Oeieyiaey (ceia) elapsed time: 21 seconds (0d 0h 0m 21s)

---------------  T H R E A D  ---------------

Current thread (0x000000001e942000):  VMThread "VM Thread" [stack: 0x000000001f3f0000,0x000000001f4f0000] [id=4904]

Stack: [0x000000001f3f0000,0x000000001f4f0000]
[error occurred during error reporting (printing stack bounds), id 0xc0000005, EXCEPTION_ACCESS_VIOLATION (0xc0000005) at pc=0x000000000a4f0bbd]

Native frames: (J=compiled Java code, j=interpreted, Vv=VM code, C=native code)
V  [jvm.dll+0x63574a]
V  [jvm.dll+0x77326f]
V  [jvm.dll+0x77491a]
V  [jvm.dll+0x774f35]
V  [jvm.dll+0x774eeb]
V  [jvm.dll+0x634e56]
V  [jvm.dll+0x635218]
C  [ntdll.dll+0x2812d]
C  [ntdll.dll+0x1855f]
C  [ntdll.dll+0x4bcb8]
C  0x000000000a4f0bbd

VM_Operation (0x0000000001c4b4a0): G1CollectForAllocation, mode: safepoint, requested by thread 0x0000000000361800


---------------  P R O C E S S  ---------------

Threads class SMR info:
_java_thread_list=0x00000000202ca040, length=11, elements={
0x0000000000361800, 0x000000001f216000, 0x000000001f220000, 0x000000001f22e000,
0x000000001f22f000, 0x000000001f232000, 0x000000001f234000, 0x000000001f23e000,
0x00000000200fd800, 0x00000000202c9800, 0x00000000202cd000
}

Java Threads: ( => current thread )
  0x0000000000361800 JavaThread "main" [_thread_blocked, id=3864, stack(0x0000000001b50000,0x0000000001c50000)]
  0x000000001f216000 JavaThread "Reference Handler" daemon [_thread_blocked, id=5960, stack(0x000000001f690000,0x000000001f790000)]
  0x000000001f220000 JavaThread "Finalizer" daemon [_thread_blocked, id=5716, stack(0x000000001f7b0000,0x000000001f8b0000)]
  0x000000001f22e000 JavaThread "Signal Dispatcher" daemon [_thread_blocked, id=4292, stack(0x000000001f9f0000,0x000000001faf0000)]
  0x000000001f22f000 JavaThread "Attach Listener" daemon [_thread_blocked, id=4308, stack(0x000000001fbc0000,0x000000001fcc0000)]
  0x000000001f232000 JavaThread "C2 CompilerThread0" daemon [_thread_blocked, id=3468, stack(0x000000001f8f0000,0x000000001f9f0000)]
  0x000000001f234000 JavaThread "C1 CompilerThread0" daemon [_thread_blocked, id=3160, stack(0x000000001fd20000,0x000000001fe20000)]
  0x000000001f23e000 JavaThread "Sweeper thread" daemon [_thread_blocked, id=1188, stack(0x000000001ff70000,0x0000000020070000)]
  0x00000000200fd800 JavaThread "Common-Cleaner" daemon [_thread_blocked, id=4844, stack(0x0000000020570000,0x0000000020670000)]
  0x00000000202c9800 JavaThread "Monitor Ctrl-Break" daemon [_thread_in_native, id=1104, stack(0x0000000020710000,0x0000000020810000)]
  0x00000000202cd000 JavaThread "Service Thread" daemon [_thread_blocked, id=3440, stack(0x0000000020860000,0x0000000020960000)]

Other Threads:
=>0x000000001e942000 VMThread "VM Thread" [stack: 0x000000001f3f0000,0x000000001f4f0000] [id=4904]
  0x00000000202e2000 WatcherThread [stack: 0x0000000020a20000,0x0000000020b20000] [id=3480]
  0x000000000037b800 GCTaskThread "GC Thread#0" [stack: 0x0000000019890000,0x0000000019990000] [id=5204]
  0x0000000020cc4000 GCTaskThread "GC Thread#1" [stack: 0x0000000021650000,0x0000000021750000] [id=5244]
  0x0000000000399800 ConcurrentGCThread "G1 Main Marker" [stack: 0x000000001c240000,0x000000001c340000] [id=4028]
  0x000000000039c800 ConcurrentGCThread "G1 Conc#0" [stack: 0x000000001c350000,0x000000001c450000] [id=5280]
  0x00000000003e4000 ConcurrentGCThread "G1 Refine#0" [stack: 0x000000001e750000,0x000000001e850000] [id=4400]
  0x00000000003e5000 ConcurrentGCThread "G1 Young RemSet Sampling" [stack: 0x000000001e5b0000,0x000000001e6b0000] [id=4864]

Threads with active compile tasks:

VM state:at safepoint (normal execution)

VM Mutex/Monitor currently owned by a thread:  ([mutex/lock_event])
[0x000000000035fa20] Threads_lock - owner thread: 0x000000001e942000
[0x0000000000360170] Heap_lock - owner thread: 0x0000000000361800

Heap address: 0x00000000c0000000, size: 1024 MB, Compressed Oops mode: 32-bit
Narrow klass base: 0x0000000000000000, Narrow klass shift: 0
Compressed class space size: 1073741824 Address: 0x000000007fff0000

Heap:
 garbage-first heap   total 183296K, used 59030K [0x00000000c0000000, 0x0000000100000000)
  region size 1024K, 9 young (9216K), 9 survivors (9216K)
 Metaspace       used 43227K, capacity 44151K, committed 44336K, reserved 1089536K
  class space    used 4608K, capacity 4958K, committed 4992K, reserved 1048576K
Heap Regions: E=young(eden), S=young(survivor), O=old, HS=humongous(starts), HC=humongous(continues), CS=collection set, F=free, A=archive, TAMS=top-at-mark-start (previous, next)
|   0|0x00000000c0000000, 0x00000000c0100000, 0x00000000c0100000|100%| O|  |TAMS 0x00000000c0100000, 0x00000000c0000000| Untracked 
|   1|0x00000000c0100000, 0x00000000c0200000, 0x00000000c0200000|100%| O|  |TAMS 0x00000000c0200000, 0x00000000c0100000| Untracked 
|   2|0x00000000c0200000, 0x00000000c0300000, 0x00000000c0300000|100%| O|  |TAMS 0x00000000c0300000, 0x00000000c0200000| Untracked 
|   3|0x00000000c0300000, 0x00000000c0400000, 0x00000000c0400000|100%| O|  |TAMS 0x00000000c0400000, 0x00000000c0300000| Untracked 
|   4|0x00000000c0400000, 0x00000000c0500000, 0x00000000c0500000|100%| O|  |TAMS 0x00000000c0500000, 0x00000000c0400000| Untracked 
|   5|0x00000000c0500000, 0x00000000c0600000, 0x00000000c0600000|100%| O|  |TAMS 0x00000000c0600000, 0x00000000c0500000| Untracked 
|   6|0x00000000c0600000, 0x00000000c0700000, 0x00000000c0700000|100%| O|  |TAMS 0x00000000c0700000, 0x00000000c0600000| Untracked 
|   7|0x00000000c0700000, 0x00000000c0800000, 0x00000000c0800000|100%| O|  |TAMS 0x00000000c0800000, 0x00000000c0700000| Untracked 
|   8|0x00000000c0800000, 0x00000000c0900000, 0x00000000c0900000|100%| O|  |TAMS 0x00000000c0900000, 0x00000000c0800000| Untracked 
|   9|0x00000000c0900000, 0x00000000c0a00000, 0x00000000c0a00000|100%| O|  |TAMS 0x00000000c0a00000, 0x00000000c0900000| Untracked 
|  10|0x00000000c0a00000, 0x00000000c0b00000, 0x00000000c0b00000|100%| O|  |TAMS 0x00000000c0b00000, 0x00000000c0a00000| Untracked 
|  11|0x00000000c0b00000, 0x00000000c0c00000, 0x00000000c0c00000|100%| O|  |TAMS 0x00000000c0c00000, 0x00000000c0b00000| Untracked 
|  12|0x00000000c0c00000, 0x00000000c0d00000, 0x00000000c0d00000|100%|HS|  |TAMS 0x00000000c0c00000, 0x00000000c0c00000| Complete 
|  13|0x00000000c0d00000, 0x00000000c0e00000, 0x00000000c0e00000|100%| O|  |TAMS 0x00000000c0e00000, 0x00000000c0d00000| Untracked 
|  14|0x00000000c0e00000, 0x00000000c0f00000, 0x00000000c0f00000|100%| O|  |TAMS 0x00000000c0f00000, 0x00000000c0e00000| Untracked 
|  15|0x00000000c0f00000, 0x00000000c1000000, 0x00000000c1000000|100%| O|  |TAMS 0x00000000c0f00000, 0x00000000c0f00000| Untracked 
|  16|0x00000000c1000000, 0x00000000c1100000, 0x00000000c1100000|100%| O|  |TAMS 0x00000000c1100000, 0x00000000c1000000| Untracked 
|  17|0x00000000c1100000, 0x00000000c1200000, 0x00000000c1200000|100%| O|  |TAMS 0x00000000c1200000, 0x00000000c1100000| Untracked 
|  18|0x00000000c1200000, 0x00000000c1300000, 0x00000000c1300000|100%| O|  |TAMS 0x00000000c1300000, 0x00000000c1200000| Untracked 
|  19|0x00000000c1300000, 0x00000000c1400000, 0x00000000c1400000|100%| O|  |TAMS 0x00000000c1400000, 0x00000000c1300000| Untracked 
|  20|0x00000000c1400000, 0x00000000c1500000, 0x00000000c1500000|100%| O|  |TAMS 0x00000000c1500000, 0x00000000c1400000| Untracked 
|  21|0x00000000c1500000, 0x00000000c1500000, 0x00000000c1600000|  0%| F|  |TAMS 0x00000000c1500000, 0x00000000c1500000| Untracked 
|  22|0x00000000c1600000, 0x00000000c1700000, 0x00000000c1700000|100%| O|  |TAMS 0x00000000c1600000, 0x00000000c1600000| Untracked 
|  23|0x00000000c1700000, 0x00000000c1800000, 0x00000000c1800000|100%| O|  |TAMS 0x00000000c1800000, 0x00000000c1700000| Untracked 
|  24|0x00000000c1800000, 0x00000000c1900000, 0x00000000c1900000|100%| O|  |TAMS 0x00000000c1800000, 0x00000000c1800000| Untracked 
|  25|0x00000000c1900000, 0x00000000c1a00000, 0x00000000c1a00000|100%| O|  |TAMS 0x00000000c1a00000, 0x00000000c1900000| Untracked 
|  26|0x00000000c1a00000, 0x00000000c1b00000, 0x00000000c1b00000|100%|HS|  |TAMS 0x00000000c1b00000, 0x00000000c1a00000| Complete 
|  27|0x00000000c1b00000, 0x00000000c1c00000, 0x00000000c1c00000|100%| O|  |TAMS 0x00000000c1b00000, 0x00000000c1b00000| Untracked 
|  28|0x00000000c1c00000, 0x00000000c1d00000, 0x00000000c1d00000|100%| O|  |TAMS 0x00000000c1d00000, 0x00000000c1c00000| Untracked 
|  29|0x00000000c1d00000, 0x00000000c1e00000, 0x00000000c1e00000|100%| O|  |TAMS 0x00000000c1e00000, 0x00000000c1d00000| Untracked 
|  30|0x00000000c1e00000, 0x00000000c1f00000, 0x00000000c1f00000|100%| O|  |TAMS 0x00000000c1e00000, 0x00000000c1e00000| Untracked 
|  31|0x00000000c1f00000, 0x00000000c2000000, 0x00000000c2000000|100%|HS|  |TAMS 0x00000000c1f00000, 0x00000000c1f00000| Complete 
|  32|0x00000000c2000000, 0x00000000c2100000, 0x00000000c2100000|100%| O|  |TAMS 0x00000000c2000000, 0x00000000c2000000| Untracked 
|  33|0x00000000c2100000, 0x00000000c2200000, 0x00000000c2200000|100%| O|  |TAMS 0x00000000c2100000, 0x00000000c2100000| Untracked 
|  34|0x00000000c2200000, 0x00000000c2300000, 0x00000000c2300000|100%| O|  |TAMS 0x00000000c2200000, 0x00000000c2200000| Untracked 
|  35|0x00000000c2300000, 0x00000000c23a5800, 0x00000000c2400000| 64%| O|  |TAMS 0x00000000c2300000, 0x00000000c2300000| Untracked 
|  36|0x00000000c2400000, 0x00000000c2400000, 0x00000000c2500000|  0%| F|  |TAMS 0x00000000c2400000, 0x00000000c2400000| Untracked 
|  37|0x00000000c2500000, 0x00000000c2500000, 0x00000000c2600000|  0%| F|  |TAMS 0x00000000c2500000, 0x00000000c2500000| Untracked 
|  38|0x00000000c2600000, 0x00000000c2600000, 0x00000000c2700000|  0%| F|  |TAMS 0x00000000c2600000, 0x00000000c2600000| Untracked 
|  39|0x00000000c2700000, 0x00000000c2700000, 0x00000000c2800000|  0%| F|  |TAMS 0x00000000c2700000, 0x00000000c2700000| Untracked 
|  40|0x00000000c2800000, 0x00000000c2800000, 0x00000000c2900000|  0%| F|  |TAMS 0x00000000c2800000, 0x00000000c2800000| Untracked 
|  41|0x00000000c2900000, 0x00000000c2900000, 0x00000000c2a00000|  0%| F|  |TAMS 0x00000000c2900000, 0x00000000c2900000| Untracked 
|  42|0x00000000c2a00000, 0x00000000c2a00000, 0x00000000c2b00000|  0%| F|  |TAMS 0x00000000c2a00000, 0x00000000c2a00000| Untracked 
|  43|0x00000000c2b00000, 0x00000000c2b00000, 0x00000000c2c00000|  0%| F|  |TAMS 0x00000000c2b00000, 0x00000000c2b00000| Untracked 
|  44|0x00000000c2c00000, 0x00000000c2c00000, 0x00000000c2d00000|  0%| F|  |TAMS 0x00000000c2c00000, 0x00000000c2c00000| Untracked 
|  45|0x00000000c2d00000, 0x00000000c2d00000, 0x00000000c2e00000|  0%| F|  |TAMS 0x00000000c2d00000, 0x00000000c2d00000| Untracked 
|  46|0x00000000c2e00000, 0x00000000c2e00000, 0x00000000c2f00000|  0%| F|  |TAMS 0x00000000c2e00000, 0x00000000c2e00000| Untracked 
|  47|0x00000000c2f00000, 0x00000000c2f00000, 0x00000000c3000000|  0%| F|  |TAMS 0x00000000c2f00000, 0x00000000c2f00000| Untracked 
|  48|0x00000000c3000000, 0x00000000c3000000, 0x00000000c3100000|  0%| F|  |TAMS 0x00000000c3000000, 0x00000000c3000000| Untracked 
|  49|0x00000000c3100000, 0x00000000c3100000, 0x00000000c3200000|  0%| F|  |TAMS 0x00000000c3100000, 0x00000000c3100000| Untracked 
|  50|0x00000000c3200000, 0x00000000c3200000, 0x00000000c3300000|  0%| F|  |TAMS 0x00000000c3200000, 0x00000000c3200000| Untracked 
|  51|0x00000000c3300000, 0x00000000c3400000, 0x00000000c3400000|100%| O|  |TAMS 0x00000000c3400000, 0x00000000c3300000| Untracked 
|  52|0x00000000c3400000, 0x00000000c3500000, 0x00000000c3500000|100%|HS|  |TAMS 0x00000000c3500000, 0x00000000c3400000| Complete 
|  53|0x00000000c3500000, 0x00000000c3600000, 0x00000000c3600000|100%| O|  |TAMS 0x00000000c3600000, 0x00000000c3500000| Untracked 
|  54|0x00000000c3600000, 0x00000000c3700000, 0x00000000c3700000|100%| O|  |TAMS 0x00000000c3700000, 0x00000000c3600000| Untracked 
|  55|0x00000000c3700000, 0x00000000c3800000, 0x00000000c3800000|100%| O|  |TAMS 0x00000000c3800000, 0x00000000c3700000| Untracked 
|  56|0x00000000c3800000, 0x00000000c3900000, 0x00000000c3900000|100%| O|  |TAMS 0x00000000c3900000, 0x00000000c3800000| Untracked 
|  57|0x00000000c3900000, 0x00000000c3a00000, 0x00000000c3a00000|100%| O|  |TAMS 0x00000000c3a00000, 0x00000000c3900000| Untracked 
|  58|0x00000000c3a00000, 0x00000000c3b00000, 0x00000000c3b00000|100%| O|  |TAMS 0x00000000c3b00000, 0x00000000c3a00000| Untracked 
|  59|0x00000000c3b00000, 0x00000000c3c00000, 0x00000000c3c00000|100%| O|  |TAMS 0x00000000c3c00000, 0x00000000c3b00000| Untracked 
|  60|0x00000000c3c00000, 0x00000000c3d00000, 0x00000000c3d00000|100%| O|  |TAMS 0x00000000c3d00000, 0x00000000c3c00000| Untracked 
|  61|0x00000000c3d00000, 0x00000000c3e00000, 0x00000000c3e00000|100%| O|  |TAMS 0x00000000c3e00000, 0x00000000c3d00000| Untracked 
|  62|0x00000000c3e00000, 0x00000000c3f00000, 0x00000000c3f00000|100%| O|  |TAMS 0x00000000c3f00000, 0x00000000c3e00000| Untracked 
|  63|0x00000000c3f00000, 0x00000000c4000000, 0x00000000c4000000|100%| O|  |TAMS 0x00000000c4000000, 0x00000000c3f00000| Untracked 
|  64|0x00000000c4000000, 0x00000000c4100000, 0x00000000c4100000|100%| O|  |TAMS 0x00000000c405b800, 0x00000000c4000000| Untracked 
|  65|0x00000000c4100000, 0x00000000c4100000, 0x00000000c4200000|  0%| F|  |TAMS 0x00000000c4100000, 0x00000000c4100000| Untracked 
|  66|0x00000000c4200000, 0x00000000c4200000, 0x00000000c4300000|  0%| F|  |TAMS 0x00000000c4200000, 0x00000000c4200000| Untracked 
|  67|0x00000000c4300000, 0x00000000c4300000, 0x00000000c4400000|  0%| F|  |TAMS 0x00000000c4300000, 0x00000000c4300000| Untracked 
|  68|0x00000000c4400000, 0x00000000c4400000, 0x00000000c4500000|  0%| F|  |TAMS 0x00000000c4400000, 0x00000000c4400000| Untracked 
|  69|0x00000000c4500000, 0x00000000c4500000, 0x00000000c4600000|  0%| F|  |TAMS 0x00000000c4500000, 0x00000000c4500000| Untracked 
|  70|0x00000000c4600000, 0x00000000c4600000, 0x00000000c4700000|  0%| F|  |TAMS 0x00000000c4600000, 0x00000000c4600000| Untracked 
|  71|0x00000000c4700000, 0x00000000c4800000, 0x00000000c4800000|100%| S|CS|TAMS 0x00000000c4700000, 0x00000000c4700000| Complete 
|  72|0x00000000c4800000, 0x00000000c4900000, 0x00000000c4900000|100%| S|CS|TAMS 0x00000000c4800000, 0x00000000c4800000| Complete 
|  73|0x00000000c4900000, 0x00000000c4a00000, 0x00000000c4a00000|100%| S|CS|TAMS 0x00000000c4900000, 0x00000000c4900000| Complete 
|  74|0x00000000c4a00000, 0x00000000c4b00000, 0x00000000c4b00000|100%| S|CS|TAMS 0x00000000c4a00000, 0x00000000c4a00000| Complete 
|  75|0x00000000c4b00000, 0x00000000c4c00000, 0x00000000c4c00000|100%| S|CS|TAMS 0x00000000c4b00000, 0x00000000c4b00000| Complete 
|  76|0x00000000c4c00000, 0x00000000c4d00000, 0x00000000c4d00000|100%| S|CS|TAMS 0x00000000c4c00000, 0x00000000c4c00000| Complete 
|  77|0x00000000c4d00000, 0x00000000c4e00000, 0x00000000c4e00000|100%| S|CS|TAMS 0x00000000c4d00000, 0x00000000c4d00000| Complete 
|  78|0x00000000c4e00000, 0x00000000c4f00000, 0x00000000c4f00000|100%| S|CS|TAMS 0x00000000c4e00000, 0x00000000c4e00000| Complete 
|  79|0x00000000c4f00000, 0x00000000c5000000, 0x00000000c5000000|100%| S|CS|TAMS 0x00000000c4f00000, 0x00000000c4f00000| Complete 
|  80|0x00000000c5000000, 0x00000000c5000000, 0x00000000c5100000|  0%| F|  |TAMS 0x00000000c5000000, 0x00000000c5000000| Untracked 
|  81|0x00000000c5100000, 0x00000000c5100000, 0x00000000c5200000|  0%| F|  |TAMS 0x00000000c5100000, 0x00000000c5100000| Untracked 
|  82|0x00000000c5200000, 0x00000000c5200000, 0x00000000c5300000|  0%| F|  |TAMS 0x00000000c5200000, 0x00000000c5200000| Untracked 
|  83|0x00000000c5300000, 0x00000000c5300000, 0x00000000c5400000|  0%| F|  |TAMS 0x00000000c5300000, 0x00000000c5300000| Untracked 
|  84|0x00000000c5400000, 0x00000000c5400000, 0x00000000c5500000|  0%| F|  |TAMS 0x00000000c5400000, 0x00000000c5400000| Untracked 
|  85|0x00000000c5500000, 0x00000000c5500000, 0x00000000c5600000|  0%| F|  |TAMS 0x00000000c5500000, 0x00000000c5500000| Untracked 
|  86|0x00000000c5600000, 0x00000000c5600000, 0x00000000c5700000|  0%| F|  |TAMS 0x00000000c5600000, 0x00000000c5600000| Untracked 
|  87|0x00000000c5700000, 0x00000000c5700000, 0x00000000c5800000|  0%| F|  |TAMS 0x00000000c5700000, 0x00000000c5700000| Untracked 
|  88|0x00000000c5800000, 0x00000000c5800000, 0x00000000c5900000|  0%| F|  |TAMS 0x00000000c5800000, 0x00000000c5800000| Untracked 
|  89|0x00000000c5900000, 0x00000000c5900000, 0x00000000c5a00000|  0%| F|  |TAMS 0x00000000c5900000, 0x00000000c5900000| Untracked 
|  90|0x00000000c5a00000, 0x00000000c5a00000, 0x00000000c5b00000|  0%| F|  |TAMS 0x00000000c5a00000, 0x00000000c5a00000| Untracked 
|  91|0x00000000c5b00000, 0x00000000c5b00000, 0x00000000c5c00000|  0%| F|  |TAMS 0x00000000c5b00000, 0x00000000c5b00000| Untracked 
|  92|0x00000000c5c00000, 0x00000000c5c00000, 0x00000000c5d00000|  0%| F|  |TAMS 0x00000000c5c00000, 0x00000000c5c00000| Untracked 
|  93|0x00000000c5d00000, 0x00000000c5d00000, 0x00000000c5e00000|  0%| F|  |TAMS 0x00000000c5d00000, 0x00000000c5d00000| Untracked 
|  94|0x00000000c5e00000, 0x00000000c5e00000, 0x00000000c5f00000|  0%| F|  |TAMS 0x00000000c5e00000, 0x00000000c5e00000| Untracked 
|  95|0x00000000c5f00000, 0x00000000c5f00000, 0x00000000c6000000|  0%| F|  |TAMS 0x00000000c5f00000, 0x00000000c5f00000| Untracked 
|  96|0x00000000c6000000, 0x00000000c6000000, 0x00000000c6100000|  0%| F|  |TAMS 0x00000000c6000000, 0x00000000c6000000| Untracked 
|  97|0x00000000c6100000, 0x00000000c6100000, 0x00000000c6200000|  0%| F|  |TAMS 0x00000000c6100000, 0x00000000c6100000| Untracked 
|  98|0x00000000c6200000, 0x00000000c6200000, 0x00000000c6300000|  0%| F|  |TAMS 0x00000000c6200000, 0x00000000c6200000| Untracked 
|  99|0x00000000c6300000, 0x00000000c6300000, 0x00000000c6400000|  0%| F|  |TAMS 0x00000000c6300000, 0x00000000c6300000| Untracked 
| 100|0x00000000c6400000, 0x00000000c6400000, 0x00000000c6500000|  0%| F|  |TAMS 0x00000000c6400000, 0x00000000c6400000| Untracked 
| 101|0x00000000c6500000, 0x00000000c6500000, 0x00000000c6600000|  0%| F|  |TAMS 0x00000000c6500000, 0x00000000c6500000| Untracked 
| 102|0x00000000c6600000, 0x00000000c6600000, 0x00000000c6700000|  0%| F|  |TAMS 0x00000000c6600000, 0x00000000c6600000| Untracked 
| 103|0x00000000c6700000, 0x00000000c6700000, 0x00000000c6800000|  0%| F|  |TAMS 0x00000000c6700000, 0x00000000c6700000| Untracked 
| 104|0x00000000c6800000, 0x00000000c6800000, 0x00000000c6900000|  0%| F|  |TAMS 0x00000000c6800000, 0x00000000c6800000| Untracked 
| 105|0x00000000c6900000, 0x00000000c6900000, 0x00000000c6a00000|  0%| F|  |TAMS 0x00000000c6900000, 0x00000000c6900000| Untracked 
| 106|0x00000000c6a00000, 0x00000000c6a00000, 0x00000000c6b00000|  0%| F|  |TAMS 0x00000000c6a00000, 0x00000000c6a00000| Untracked 
| 107|0x00000000c6b00000, 0x00000000c6b00000, 0x00000000c6c00000|  0%| F|  |TAMS 0x00000000c6b00000, 0x00000000c6b00000| Untracked 
| 108|0x00000000c6c00000, 0x00000000c6c00000, 0x00000000c6d00000|  0%| F|  |TAMS 0x00000000c6c00000, 0x00000000c6c00000| Untracked 
| 109|0x00000000c6d00000, 0x00000000c6d00000, 0x00000000c6e00000|  0%| F|  |TAMS 0x00000000c6d00000, 0x00000000c6d00000| Untracked 
| 110|0x00000000c6e00000, 0x00000000c6e00000, 0x00000000c6f00000|  0%| F|  |TAMS 0x00000000c6e00000, 0x00000000c6e00000| Untracked 
| 111|0x00000000c6f00000, 0x00000000c6f00000, 0x00000000c7000000|  0%| F|  |TAMS 0x00000000c6f00000, 0x00000000c6f00000| Untracked 
| 112|0x00000000c7000000, 0x00000000c7000000, 0x00000000c7100000|  0%| F|  |TAMS 0x00000000c7000000, 0x00000000c7000000| Untracked 
| 113|0x00000000c7100000, 0x00000000c7100000, 0x00000000c7200000|  0%| F|  |TAMS 0x00000000c7100000, 0x00000000c7100000| Untracked 
| 114|0x00000000c7200000, 0x00000000c7200000, 0x00000000c7300000|  0%| F|  |TAMS 0x00000000c7200000, 0x00000000c7200000| Untracked 
| 115|0x00000000c7300000, 0x00000000c7300000, 0x00000000c7400000|  0%| F|  |TAMS 0x00000000c7300000, 0x00000000c7300000| Untracked 
| 116|0x00000000c7400000, 0x00000000c7400000, 0x00000000c7500000|  0%| F|  |TAMS 0x00000000c7400000, 0x00000000c7400000| Untracked 
| 117|0x00000000c7500000, 0x00000000c7500000, 0x00000000c7600000|  0%| F|  |TAMS 0x00000000c7500000, 0x00000000c7500000| Untracked 
| 118|0x00000000c7600000, 0x00000000c7600000, 0x00000000c7700000|  0%| F|  |TAMS 0x00000000c7600000, 0x00000000c7600000| Untracked 
| 119|0x00000000c7700000, 0x00000000c7700000, 0x00000000c7800000|  0%| F|  |TAMS 0x00000000c7700000, 0x00000000c7700000| Untracked 
| 120|0x00000000c7800000, 0x00000000c7800000, 0x00000000c7900000|  0%| F|  |TAMS 0x00000000c7800000, 0x00000000c7800000| Untracked 
| 121|0x00000000c7900000, 0x00000000c7900000, 0x00000000c7a00000|  0%| F|  |TAMS 0x00000000c7900000, 0x00000000c7900000| Untracked 
| 122|0x00000000c7a00000, 0x00000000c7a00000, 0x00000000c7b00000|  0%| F|  |TAMS 0x00000000c7a00000, 0x00000000c7a00000| Untracked 
| 123|0x00000000c7b00000, 0x00000000c7b00000, 0x00000000c7c00000|  0%| F|  |TAMS 0x00000000c7b00000, 0x00000000c7b00000| Untracked 
| 124|0x00000000c7c00000, 0x00000000c7c00000, 0x00000000c7d00000|  0%| F|  |TAMS 0x00000000c7c00000, 0x00000000c7c00000| Untracked 
| 125|0x00000000c7d00000, 0x00000000c7d00000, 0x00000000c7e00000|  0%| F|  |TAMS 0x00000000c7d00000, 0x00000000c7d00000| Untracked 
| 126|0x00000000c7e00000, 0x00000000c7e00000, 0x00000000c7f00000|  0%| F|  |TAMS 0x00000000c7e00000, 0x00000000c7e00000| Untracked 
| 127|0x00000000c7f00000, 0x00000000c7f00000, 0x00000000c8000000|  0%| F|  |TAMS 0x00000000c7f00000, 0x00000000c7f00000| Untracked 
| 128|0x00000000c8000000, 0x00000000c8000000, 0x00000000c8100000|  0%| F|  |TAMS 0x00000000c8000000, 0x00000000c8000000| Untracked 
| 129|0x00000000c8100000, 0x00000000c8100000, 0x00000000c8200000|  0%| F|  |TAMS 0x00000000c8100000, 0x00000000c8100000| Untracked 
| 130|0x00000000c8200000, 0x00000000c8200000, 0x00000000c8300000|  0%| F|  |TAMS 0x00000000c8200000, 0x00000000c8200000| Untracked 
| 131|0x00000000c8300000, 0x00000000c8300000, 0x00000000c8400000|  0%| F|  |TAMS 0x00000000c8300000, 0x00000000c8300000| Untracked 
| 132|0x00000000c8400000, 0x00000000c8400000, 0x00000000c8500000|  0%| F|  |TAMS 0x00000000c8400000, 0x00000000c8400000| Untracked 
| 133|0x00000000c8500000, 0x00000000c8500000, 0x00000000c8600000|  0%| F|  |TAMS 0x00000000c8500000, 0x00000000c8500000| Untracked 
| 134|0x00000000c8600000, 0x00000000c8600000, 0x00000000c8700000|  0%| F|  |TAMS 0x00000000c8600000, 0x00000000c8600000| Untracked 
| 135|0x00000000c8700000, 0x00000000c8700000, 0x00000000c8800000|  0%| F|  |TAMS 0x00000000c8700000, 0x00000000c8700000| Untracked 
| 136|0x00000000c8800000, 0x00000000c8800000, 0x00000000c8900000|  0%| F|  |TAMS 0x00000000c8800000, 0x00000000c8800000| Untracked 
| 137|0x00000000c8900000, 0x00000000c8900000, 0x00000000c8a00000|  0%| F|  |TAMS 0x00000000c8900000, 0x00000000c8900000| Untracked 
| 138|0x00000000c8a00000, 0x00000000c8a00000, 0x00000000c8b00000|  0%| F|  |TAMS 0x00000000c8a00000, 0x00000000c8a00000| Untracked 
| 139|0x00000000c8b00000, 0x00000000c8b00000, 0x00000000c8c00000|  0%| F|  |TAMS 0x00000000c8b00000, 0x00000000c8b00000| Untracked 
| 140|0x00000000c8c00000, 0x00000000c8c00000, 0x00000000c8d00000|  0%| F|  |TAMS 0x00000000c8c00000, 0x00000000c8c00000| Untracked 
| 141|0x00000000c8d00000, 0x00000000c8d00000, 0x00000000c8e00000|  0%| F|  |TAMS 0x00000000c8d00000, 0x00000000c8d00000| Untracked 
| 142|0x00000000c8e00000, 0x00000000c8e00000, 0x00000000c8f00000|  0%| F|  |TAMS 0x00000000c8e00000, 0x00000000c8e00000| Untracked 
| 143|0x00000000c8f00000, 0x00000000c8f00000, 0x00000000c9000000|  0%| F|  |TAMS 0x00000000c8f00000, 0x00000000c8f00000| Untracked 
| 144|0x00000000c9000000, 0x00000000c9000000, 0x00000000c9100000|  0%| F|  |TAMS 0x00000000c9000000, 0x00000000c9000000| Untracked 
| 145|0x00000000c9100000, 0x00000000c9100000, 0x00000000c9200000|  0%| F|  |TAMS 0x00000000c9100000, 0x00000000c9100000| Untracked 
| 146|0x00000000c9200000, 0x00000000c9200000, 0x00000000c9300000|  0%| F|  |TAMS 0x00000000c9200000, 0x00000000c9200000| Untracked 
| 147|0x00000000c9300000, 0x00000000c9300000, 0x00000000c9400000|  0%| F|  |TAMS 0x00000000c9300000, 0x00000000c9300000| Untracked 
| 148|0x00000000c9400000, 0x00000000c9400000, 0x00000000c9500000|  0%| F|  |TAMS 0x00000000c9400000, 0x00000000c9400000| Untracked 

Card table byte_map: [0x0000000019ca0000,0x0000000019ea0000] _byte_map_base: 0x00000000196a0000

Marking Bits (Prev, Next): (CMBitMap*) 0x0000000000394c20, (CMBitMap*) 0x0000000000394be8
 Prev Bits: [0x000000001b0a0000, 0x000000001c0a0000)
 Next Bits: [0x000000001a0a0000, 0x000000001b0a0000)

Polling page: 0x0000000001c50000

Metaspace:

Usage:
  Non-class:     38.27 MB capacity,    37.71 MB ( 99%) used,   489.15 KB (  1%) free+waste,    85.19 KB ( <1%) overhead. 
      Class:      4.84 MB capacity,     4.50 MB ( 93%) used,   314.47 KB (  6%) free+waste,    35.00 KB ( <1%) overhead. 
       Both:     43.12 MB capacity,    42.21 MB ( 98%) used,   803.62 KB (  2%) free+waste,   120.19 KB ( <1%) overhead. 

Virtual space:
  Non-class space:       40.00 MB reserved,      38.42 MB ( 96%) committed 
      Class space:        1.00 GB reserved,       4.88 MB ( <1%) committed 
             Both:        1.04 GB reserved,      43.30 MB (  4%) committed 

Chunk freelists:
   Non-Class:  2.88 KB
       Class:  256 bytes
        Both:  3.13 KB

CodeHeap 'non-profiled nmethods': size=120064Kb used=3558Kb max_used=3558Kb free=116505Kb
 bounds [0x0000000011fb0000, 0x0000000012330000, 0x00000000194f0000]
CodeHeap 'profiled nmethods': size=120000Kb used=17006Kb max_used=17006Kb free=102993Kb
 bounds [0x000000000aa80000, 0x000000000bb20000, 0x0000000011fb0000]
CodeHeap 'non-nmethods': size=5696Kb used=1152Kb max_used=1193Kb free=4543Kb
 bounds [0x000000000a4f0000, 0x000000000a760000, 0x000000000aa80000]
 total_blobs=9764 nmethods=7639 adapters=418
 compilation: enabled
              stopped_count=0, restarted_count=0
 full_count=0

Compilation events (10 events):
Event: 21.398 Thread 0x000000001f232000 7877   !   4       jdk.internal.ref.PhantomCleanable::insert (53 bytes)
Event: 21.407 Thread 0x000000001f232000 nmethod 7877 0x0000000012324c10 code [0x0000000012324da0, 0x00000000123252f8]
Event: 21.411 Thread 0x000000001f234000 7878       3       sun.nio.fs.WindowsPathParser::parse (384 bytes)
Event: 21.417 Thread 0x000000001f234000 nmethod 7878 0x000000000bb18a90 code [0x000000000bb19200, 0x000000000bb1d590]
Event: 21.421 Thread 0x000000001f232000 7879   !   4       sun.nio.fs.WindowsPath::initOffsets (153 bytes)
Event: 21.462 Thread 0x000000001f232000 nmethod 7879 0x0000000012325410 code [0x0000000012325620, 0x0000000012326ac8]
Event: 21.498 Thread 0x000000001f232000 7880   !   4       sun.nio.fs.WindowsPath::initOffsets (153 bytes)
Event: 21.539 Thread 0x000000001f232000 nmethod 7880 0x0000000012327790 code [0x00000000123279a0, 0x0000000012328de8]
Event: 21.539 Thread 0x000000001f232000 7881       4       java.util.ImmutableCollections$List12::get (32 bytes)
Event: 21.540 Thread 0x000000001f232000 nmethod 7881 0x0000000012329a90 code [0x0000000012329c40, 0x0000000012329ce8]

GC Heap History (10 events):
Event: 18.036 GC heap after
{Heap after GC invocations=28 (full 0):
 garbage-first heap   total 114688K, used 60301K [0x00000000c0000000, 0x0000000100000000)
  region size 1024K, 1 young (1024K), 1 survivors (1024K)
 Metaspace       used 42759K, capacity 43729K, committed 43824K, reserved 1087488K
  class space    used 4593K, capacity 4951K, committed 4992K, reserved 1048576K
}
Event: 18.791 GC heap before
{Heap before GC invocations=28 (full 0):
 garbage-first heap   total 114688K, used 86925K [0x00000000c0000000, 0x0000000100000000)
  region size 1024K, 28 young (28672K), 1 survivors (1024K)
 Metaspace       used 43017K, capacity 43886K, committed 44080K, reserved 1089536K
  class space    used 4606K, capacity 4957K, committed 4992K, reserved 1048576K
}
Event: 18.807 GC heap after
{Heap after GC invocations=29 (full 0):
 garbage-first heap   total 152576K, used 62296K [0x00000000c0000000, 0x0000000100000000)
  region size 1024K, 4 young (4096K), 4 survivors (4096K)
 Metaspace       used 43017K, capacity 43886K, committed 44080K, reserved 1089536K
  class space    used 4606K, capacity 4957K, committed 4992K, reserved 1048576K
}
Event: 20.012 GC heap before
{Heap before GC invocations=30 (full 0):
 garbage-first heap   total 152576K, used 103256K [0x00000000c0000000, 0x0000000100000000)
  region size 1024K, 52 young (53248K), 4 survivors (4096K)
 Metaspace       used 43026K, capacity 43868K, committed 44080K, reserved 1089536K
  class space    used 4605K, capacity 4955K, committed 4992K, reserved 1048576K
}
Event: 20.027 GC heap after
{Heap after GC invocations=31 (full 0):
 garbage-first heap   total 152576K, used 56294K [0x00000000c0000000, 0x0000000100000000)
  region size 1024K, 5 young (5120K), 5 survivors (5120K)
 Metaspace       used 43026K, capacity 43868K, committed 44080K, reserved 1089536K
  class space    used 4605K, capacity 4955K, committed 4992K, reserved 1048576K
}
Event: 20.028 GC heap before
{Heap before GC invocations=31 (full 0):
 garbage-first heap   total 152576K, used 57318K [0x00000000c0000000, 0x0000000100000000)
  region size 1024K, 7 young (7168K), 5 survivors (5120K)
 Metaspace       used 43026K, capacity 43868K, committed 44080K, reserved 1089536K
  class space    used 4605K, capacity 4955K, committed 4992K, reserved 1048576K
}
Event: 20.044 GC heap after
{Heap after GC invocations=32 (full 0):
 garbage-first heap   total 152576K, used 44697K [0x00000000c0000000, 0x0000000100000000)
  region size 1024K, 1 young (1024K), 1 survivors (1024K)
 Metaspace       used 43026K, capacity 43868K, committed 44080K, reserved 1089536K
  class space    used 4605K, capacity 4955K, committed 4992K, reserved 1048576K
}
Event: 20.515 GC heap before
{Heap before GC invocations=32 (full 0):
 garbage-first heap   total 152576K, used 103065K [0x00000000c0000000, 0x0000000100000000)
  region size 1024K, 57 young (58368K), 1 survivors (1024K)
 Metaspace       used 43099K, capacity 43944K, committed 44080K, reserved 1089536K
  class space    used 4606K, capacity 4957K, committed 4992K, reserved 1048576K
}
Event: 20.527 GC heap after
{Heap after GC invocations=33 (full 0):
 garbage-first heap   total 152576K, used 51810K [0x00000000c0000000, 0x0000000100000000)
  region size 1024K, 6 young (6144K), 6 survivors (6144K)
 Metaspace       used 43099K, capacity 43944K, committed 44080K, reserved 1089536K
  class space    used 4606K, capacity 4957K, committed 4992K, reserved 1048576K
}
Event: 21.600 GC heap before
{Heap before GC invocations=33 (full 0):
 garbage-first heap   total 152576K, used 116322K [0x00000000c0000000, 0x0000000100000000)
  region size 1024K, 69 young (70656K), 6 survivors (6144K)
 Metaspace       used 43227K, capacity 44151K, committed 44336K, reserved 1089536K
  class space    used 4608K, capacity 4958K, committed 4992K, reserved 1048576K
}

Deoptimization events (10 events):
Event: 16.672 Thread 0x0000000000361800 Uncommon trap: reason=bimorphic_or_optimized_type_check action=maybe_recompile pc=0x000000001213d568 method=java.util.Hashtable.get(Ljava/lang/Object;)Ljava/lang/Object; @ 6 c2
Event: 16.808 Thread 0x0000000000361800 Uncommon trap: reason=unstable_if action=reinterpret pc=0x000000001205ba90 method=java.util.LinkedHashMap.afterNodeInsertion(Z)V @ 18 c2
Event: 17.547 Thread 0x0000000000361800 Uncommon trap: reason=unstable_if action=reinterpret pc=0x000000001225e360 method=java.time.LocalDate.create(III)Ljava/time/LocalDate; @ 10 c2
Event: 17.548 Thread 0x0000000000361800 Uncommon trap: reason=unstable_if action=reinterpret pc=0x0000000012269d54 method=java.time.LocalDate.create(III)Ljava/time/LocalDate; @ 10 c2
Event: 17.548 Thread 0x0000000000361800 Uncommon trap: reason=unstable_if action=reinterpret pc=0x000000001226f480 method=java.time.LocalDate.create(III)Ljava/time/LocalDate; @ 10 c2
Event: 17.548 Thread 0x0000000000361800 Uncommon trap: reason=unstable_if action=reinterpret pc=0x000000001228febc method=java.time.LocalDate.create(III)Ljava/time/LocalDate; @ 10 c2
Event: 17.548 Thread 0x0000000000361800 Uncommon trap: reason=unstable_if action=reinterpret pc=0x00000000122682bc method=java.time.LocalDate.create(III)Ljava/time/LocalDate; @ 10 c2
Event: 17.548 Thread 0x0000000000361800 Uncommon trap: reason=unstable_if action=reinterpret pc=0x00000000122678b0 method=java.time.LocalDate.create(III)Ljava/time/LocalDate; @ 10 c2
Event: 18.353 Thread 0x0000000000361800 Uncommon trap: reason=unstable_if action=reinterpret pc=0x000000001222b05c method=com.sun.tools.javac.jvm.ClassReader.readPool(I)Ljava/lang/Object; @ 36 c2
Event: 21.474 Thread 0x0000000000361800 Uncommon trap: reason=intrinsic_or_type_checked_inlining action=make_not_entrant pc=0x0000000012326690 method=java.util.ArrayList.toArray([Ljava/lang/Object;)[Ljava/lang/Object; @ 36 c2

Classes redefined (0 events):
No events

Internal exceptions (10 events):
Event: 21.573 Thread 0x0000000000361800 Exception <a 'sun/nio/fs/WindowsException'{0x00000000c5e61030}> (0x00000000c5e61030) thrown at [t:/workspace/open/src/hotspot/share/prims/jni.cpp, line 615]
Event: 21.573 Thread 0x0000000000361800 Exception <a 'sun/nio/fs/WindowsException'{0x00000000c5e619d8}> (0x00000000c5e619d8) thrown at [t:/workspace/open/src/hotspot/share/prims/jni.cpp, line 615]
Event: 21.573 Thread 0x0000000000361800 Exception <a 'sun/nio/fs/WindowsException'{0x00000000c5e61cd0}> (0x00000000c5e61cd0) thrown at [t:/workspace/open/src/hotspot/share/prims/jni.cpp, line 615]
Event: 21.574 Thread 0x0000000000361800 Exception <a 'sun/nio/fs/WindowsException'{0x00000000c5e628e0}> (0x00000000c5e628e0) thrown at [t:/workspace/open/src/hotspot/share/prims/jni.cpp, line 615]
Event: 21.574 Thread 0x0000000000361800 Exception <a 'sun/nio/fs/WindowsException'{0x00000000c5e62f70}> (0x00000000c5e62f70) thrown at [t:/workspace/open/src/hotspot/share/prims/jni.cpp, line 615]
Event: 21.582 Thread 0x0000000000361800 Exception <a 'sun/nio/fs/WindowsException'{0x00000000c5eda348}> (0x00000000c5eda348) thrown at [t:/workspace/open/src/hotspot/share/prims/jni.cpp, line 615]
Event: 21.582 Thread 0x0000000000361800 Exception <a 'sun/nio/fs/WindowsException'{0x00000000c5edacf0}> (0x00000000c5edacf0) thrown at [t:/workspace/open/src/hotspot/share/prims/jni.cpp, line 615]
Event: 21.582 Thread 0x0000000000361800 Exception <a 'sun/nio/fs/WindowsException'{0x00000000c5edaff0}> (0x00000000c5edaff0) thrown at [t:/workspace/open/src/hotspot/share/prims/jni.cpp, line 615]
Event: 21.582 Thread 0x0000000000361800 Exception <a 'sun/nio/fs/WindowsException'{0x00000000c5edbc00}> (0x00000000c5edbc00) thrown at [t:/workspace/open/src/hotspot/share/prims/jni.cpp, line 615]
Event: 21.582 Thread 0x0000000000361800 Exception <a 'sun/nio/fs/WindowsException'{0x00000000c5edc290}> (0x00000000c5edc290) thrown at [t:/workspace/open/src/hotspot/share/prims/jni.cpp, line 615]

Events (10 events):
Event: 21.124 loading class com/sun/tools/javac/comp/InferenceContext$ReachabilityVisitor
Event: 21.124 loading class com/sun/tools/javac/comp/InferenceContext$ReachabilityVisitor done
Event: 21.141 Thread 0x0000000000361800 DEOPT PACKING pc=0x000000000b876375 sp=0x0000000001c49e50
Event: 21.141 Thread 0x0000000000361800 DEOPT UNPACKING pc=0x000000000a517e3f sp=0x0000000001c49308 mode 0
Event: 21.467 Thread 0x0000000000361800 Uncommon trap: trap_request=0xffffffcc fr.pc=0x0000000012326690 relative=0x0000000000001070
Event: 21.467 Executing VM operation: RevokeBias
Event: 21.467 Executing VM operation: RevokeBias done
Event: 21.474 Thread 0x0000000000361800 DEOPT PACKING pc=0x0000000012326690 sp=0x0000000001c4d070
Event: 21.474 Thread 0x0000000000361800 DEOPT UNPACKING pc=0x000000000a518029 sp=0x0000000001c4cfb8 mode 2
Event: 21.600 Executing VM operation: G1CollectForAllocation


Dynamic libraries:
0x000000013f030000 - 0x000000013f077000 	C:\JDK\jdk-11.0.2\jdk-11.0.2\bin\java.exe
0x00000000779f0000 - 0x0000000077b9a000 	C:\Windows\SYSTEM32\ntdll.dll
0x000007fee9660000 - 0x000007fee9672000 	C:\Program Files\AVAST Software\Avast\aswhook.dll
0x00000000778d0000 - 0x00000000779ef000 	C:\Windows\system32\kernel32.dll
0x000007fefda20000 - 0x000007fefda8a000 	C:\Windows\system32\KERNELBASE.dll
0x000007fefdd40000 - 0x000007fefde1b000 	C:\Windows\system32\ADVAPI32.dll
0x000007fefeaa0000 - 0x000007fefeb3f000 	C:\Windows\system32\msvcrt.dll
0x000007fefe0f0000 - 0x000007fefe10f000 	C:\Windows\SYSTEM32\sechost.dll
0x000007fefe8f0000 - 0x000007fefea1d000 	C:\Windows\system32\RPCRT4.dll
0x00000000777d0000 - 0x00000000778ca000 	C:\Windows\system32\USER32.dll
0x000007fefe880000 - 0x000007fefe8e7000 	C:\Windows\system32\GDI32.dll
0x000007fefe4d0000 - 0x000007fefe4de000 	C:\Windows\system32\LPK.dll
0x000007fefe4e0000 - 0x000007fefe5aa000 	C:\Windows\system32\USP10.dll
0x000007fefc180000 - 0x000007fefc374000 	C:\Windows\WinSxS\amd64_microsoft.windows.common-controls_6595b64144ccf1df_6.0.7601.18837_none_fa3b1e3d17594757\COMCTL32.dll
0x000007feffc50000 - 0x000007feffcc1000 	C:\Windows\system32\SHLWAPI.dll
0x000007fefc810000 - 0x000007fefc81c000 	C:\Windows\system32\VERSION.dll
0x000007fefea20000 - 0x000007fefea4e000 	C:\Windows\system32\IMM32.DLL
0x000007fefe3c0000 - 0x000007fefe4c9000 	C:\Windows\system32\MSCTF.dll
0x000007fefa720000 - 0x000007fefa723000 	C:\Windows\system32\api-ms-win-core-synch-l1-2-0.DLL
0x000007fed2540000 - 0x000007fed2556000 	C:\JDK\jdk-11.0.2\jdk-11.0.2\bin\vcruntime140.dll
0x000007fed2570000 - 0x000007fed2574000 	C:\JDK\jdk-11.0.2\jdk-11.0.2\bin\api-ms-win-crt-runtime-l1-1-0.dll
0x000007fed2440000 - 0x000007fed2536000 	C:\JDK\jdk-11.0.2\jdk-11.0.2\bin\ucrtbase.DLL
0x000007fee6530000 - 0x000007fee6533000 	C:\JDK\jdk-11.0.2\jdk-11.0.2\bin\api-ms-win-core-localization-l1-2-0.dll
0x000007fed2560000 - 0x000007fed2563000 	C:\JDK\jdk-11.0.2\jdk-11.0.2\bin\api-ms-win-core-processthreads-l1-1-1.dll
0x000007fed2420000 - 0x000007fed2423000 	C:\JDK\jdk-11.0.2\jdk-11.0.2\bin\api-ms-win-core-file-l1-2-0.dll
0x000007fed2430000 - 0x000007fed2433000 	C:\JDK\jdk-11.0.2\jdk-11.0.2\bin\api-ms-win-core-timezone-l1-1-0.dll
0x000007fed2400000 - 0x000007fed2403000 	C:\JDK\jdk-11.0.2\jdk-11.0.2\bin\api-ms-win-core-file-l2-1-0.dll
0x000007fed2410000 - 0x000007fed2414000 	C:\JDK\jdk-11.0.2\jdk-11.0.2\bin\api-ms-win-crt-string-l1-1-0.dll
0x000007fed23e0000 - 0x000007fed23e3000 	C:\JDK\jdk-11.0.2\jdk-11.0.2\bin\api-ms-win-crt-heap-l1-1-0.dll
0x000007fed23f0000 - 0x000007fed23f4000 	C:\JDK\jdk-11.0.2\jdk-11.0.2\bin\api-ms-win-crt-stdio-l1-1-0.dll
0x000007fed23c0000 - 0x000007fed23c4000 	C:\JDK\jdk-11.0.2\jdk-11.0.2\bin\api-ms-win-crt-convert-l1-1-0.dll
0x000007fed2310000 - 0x000007fed23ba000 	C:\JDK\jdk-11.0.2\jdk-11.0.2\bin\msvcp140.dll
0x000007fed23d0000 - 0x000007fed23d3000 	C:\JDK\jdk-11.0.2\jdk-11.0.2\bin\api-ms-win-crt-locale-l1-1-0.dll
0x000007fed22f0000 - 0x000007fed22f5000 	C:\JDK\jdk-11.0.2\jdk-11.0.2\bin\api-ms-win-crt-math-l1-1-0.dll
0x000007fed2300000 - 0x000007fed2305000 	C:\JDK\jdk-11.0.2\jdk-11.0.2\bin\api-ms-win-crt-multibyte-l1-1-0.dll
0x000007fed22d0000 - 0x000007fed22d3000 	C:\JDK\jdk-11.0.2\jdk-11.0.2\bin\api-ms-win-crt-time-l1-1-0.dll
0x000007fed22e0000 - 0x000007fed22e3000 	C:\JDK\jdk-11.0.2\jdk-11.0.2\bin\api-ms-win-crt-filesystem-l1-1-0.dll
0x000007fed22b0000 - 0x000007fed22b3000 	C:\JDK\jdk-11.0.2\jdk-11.0.2\bin\api-ms-win-crt-environment-l1-1-0.dll
0x000007fed22c0000 - 0x000007fed22c3000 	C:\JDK\jdk-11.0.2\jdk-11.0.2\bin\api-ms-win-crt-utility-l1-1-0.dll
0x000007fed0a90000 - 0x000007fed15b7000 	C:\JDK\jdk-11.0.2\jdk-11.0.2\bin\server\jvm.dll
0x000007fef9530000 - 0x000007fef9539000 	C:\Windows\system32\WSOCK32.dll
0x000007fefea50000 - 0x000007fefea9d000 	C:\Windows\system32\WS2_32.dll
0x000007feffcd0000 - 0x000007feffcd8000 	C:\Windows\system32\NSI.dll
0x000007fef5920000 - 0x000007fef595b000 	C:\Windows\system32\WINMM.dll
0x0000000077bc0000 - 0x0000000077bc7000 	C:\Windows\system32\PSAPI.DLL
0x000007fed2290000 - 0x000007fed22a1000 	C:\JDK\jdk-11.0.2\jdk-11.0.2\bin\verify.dll
0x000007fef8690000 - 0x000007fef87b5000 	C:\Windows\system32\DBGHELP.DLL
0x000007fed2260000 - 0x000007fed2289000 	C:\JDK\jdk-11.0.2\jdk-11.0.2\bin\java.dll
0x000007fef4e30000 - 0x000007fef4e5f000 	C:\JDK\jdk-11.0.2\jdk-11.0.2\bin\instrument.dll
0x000007fed2240000 - 0x000007fed2256000 	C:\JDK\jdk-11.0.2\jdk-11.0.2\bin\zip.dll
0x000007fed2230000 - 0x000007fed223a000 	C:\JDK\jdk-11.0.2\jdk-11.0.2\bin\jimage.dll
0x000007fefeb40000 - 0x000007feff8ca000 	C:\Windows\system32\SHELL32.dll
0x000007fefe1b0000 - 0x000007fefe3b3000 	C:\Windows\system32\ole32.dll
0x000007fefd720000 - 0x000007fefd72f000 	C:\Windows\system32\profapi.dll
0x000007fed2210000 - 0x000007fed2229000 	C:\JDK\jdk-11.0.2\jdk-11.0.2\bin\net.dll
0x000007fef8910000 - 0x000007fef8981000 	C:\Windows\system32\WINHTTP.dll
0x000007fef88a0000 - 0x000007fef8905000 	C:\Windows\system32\webio.dll
0x000007fefdf00000 - 0x000007fefe084000 	C:\Windows\system32\urlmon.dll
0x000007fefd770000 - 0x000007fefd774000 	C:\Windows\system32\api-ms-win-downlevel-ole32-l1-1-0.dll
0x000007fefd740000 - 0x000007fefd744000 	C:\Windows\system32\api-ms-win-downlevel-shlwapi-l1-1-0.dll
0x000007fefd890000 - 0x000007fefd895000 	C:\Windows\system32\api-ms-win-downlevel-advapi32-l1-1-0.dll
0x000007fefdad0000 - 0x000007fefdad4000 	C:\Windows\system32\api-ms-win-downlevel-user32-l1-1-0.dll
0x000007fefd860000 - 0x000007fefd864000 	C:\Windows\system32\api-ms-win-downlevel-version-l1-1-0.dll
0x000007fefd8a0000 - 0x000007fefd8a3000 	C:\Windows\system32\api-ms-win-downlevel-normaliz-l1-1-0.dll
0x0000000077bb0000 - 0x0000000077bb3000 	C:\Windows\system32\normaliz.DLL
0x000007fefe5b0000 - 0x000007fefe87a000 	C:\Windows\system32\iertutil.dll
0x000007feff8d0000 - 0x000007feffba2000 	C:\Windows\system32\WININET.dll
0x000007fefd750000 - 0x000007fefd76e000 	C:\Windows\system32\USERENV.dll
0x000007fefcf50000 - 0x000007fefcfa5000 	C:\Windows\system32\mswsock.dll
0x000007fefd440000 - 0x000007fefd447000 	C:\Windows\System32\wship6.dll
0x000007fed21f0000 - 0x000007fed2203000 	C:\JDK\jdk-11.0.2\jdk-11.0.2\bin\nio.dll
0x000007fef4520000 - 0x000007fef453a000 	C:\Program Files\JetBrains\IntelliJ IDEA 2018.3.3\bin\breakgen64.dll
0x000007feeb030000 - 0x000007feeb057000 	C:\JDK\jdk-11.0.2\jdk-11.0.2\bin\sunec.dll
0x000007fefcfb0000 - 0x000007fefcfc8000 	C:\Windows\system32\CRYPTSP.dll
0x000007fefcbf0000 - 0x000007fefcc37000 	C:\Windows\system32\rsaenh.dll
0x000007fefd5c0000 - 0x000007fefd5cf000 	C:\Windows\system32\CRYPTBASE.dll
0x000007fefb0a0000 - 0x000007fefb0c7000 	C:\Windows\system32\IPHLPAPI.DLL
0x000007fefb090000 - 0x000007fefb09b000 	C:\Windows\system32\WINNSI.DLL
0x000007fef9d70000 - 0x000007fef9d88000 	C:\Windows\system32\dhcpcsvc.DLL
0x000007fef9d50000 - 0x000007fef9d61000 	C:\Windows\system32\dhcpcsvc6.DLL
0x000007fefcb60000 - 0x000007fefcb67000 	C:\Windows\System32\wshtcpip.dll
0x000007fefcc80000 - 0x000007fefccdb000 	C:\Windows\system32\DNSAPI.dll
0x000007fefb670000 - 0x000007fefb678000 	C:\Windows\system32\rasadhlp.dll
0x000007fef9da0000 - 0x000007fef9df3000 	C:\Windows\System32\fwpuclnt.dll
0x000007fef4e20000 - 0x000007fef4e2d000 	C:\JDK\jdk-11.0.2\jdk-11.0.2\bin\sunmscapi.dll
0x000007fefd8b0000 - 0x000007fefda1d000 	C:\Windows\system32\CRYPT32.dll
0x000007fefd730000 - 0x000007fefd73f000 	C:\Windows\system32\MSASN1.dll
0x000007fefd0d0000 - 0x000007fefd120000 	C:\Windows\system32\ncrypt.dll
0x000007fefd0a0000 - 0x000007fefd0c2000 	C:\Windows\system32\bcrypt.dll

dbghelp: loaded successfully - version: 4.0.5 - missing functions: none
symbol engine: initialized successfully - sym options: 0x614 - pdb path: .;C:\JDK\jdk-11.0.2\jdk-11.0.2\bin;C:\Windows\SYSTEM32;C:\Program Files\AVAST Software\Avast;C:\Windows\WinSxS\amd64_microsoft.windows.common-controls_6595b64144ccf1df_6.0.7601.18837_none_fa3b1e3d17594757;C:\JDK\jdk-11.0.2\jdk-11.0.2\bin\server;C:\Program Files\JetBrains\IntelliJ IDEA 2018.3.3\bin

VM Arguments:
jvm_args: -Dmaven.multiModuleProjectDirectory=C:\Users\User\IdeaProjects\example -Dmaven.home=C:\Program Files\JetBrains\IntelliJ IDEA 2018.3.3\plugins\maven\lib\maven3 -Dclassworlds.conf=C:\Program Files\JetBrains\IntelliJ IDEA 2018.3.3\plugins\maven\lib\maven3\bin\m2.conf -javaagent:C:\Program Files\JetBrains\IntelliJ IDEA 2018.3.3\lib\idea_rt.jar=49509:C:\Program Files\JetBrains\IntelliJ IDEA 2018.3.3\bin -Dfile.encoding=UTF-8 
java_command: org.codehaus.classworlds.Launcher -Didea.version=2018.3.4 -DskipTests=true clean install
java_class_path (initial): C:\Program Files\JetBrains\IntelliJ IDEA 2018.3.3\plugins\maven\lib\maven3\boot\plexus-classworlds-2.5.2.jar
Launcher Type: SUN_STANDARD

[Global flags]
     intx CICompilerCount                          = 2                                         {product} {ergonomic}
     uint ConcGCThreads                            = 1                                         {product} {ergonomic}
     uint G1ConcRefinementThreads                  = 2                                         {product} {ergonomic}
   size_t G1HeapRegionSize                         = 1048576                                   {product} {ergonomic}
    uintx GCDrainStackTargetSize                   = 64                                        {product} {ergonomic}
   size_t InitialHeapSize                          = 67108864                                  {product} {ergonomic}
   size_t MarkStackSize                            = 4194304                                   {product} {ergonomic}
   size_t MaxHeapSize                              = 1073741824                                {product} {ergonomic}
   size_t MaxNewSize                               = 643825664                                 {product} {ergonomic}
   size_t MinHeapDeltaBytes                        = 1048576                                   {product} {ergonomic}
    uintx NonNMethodCodeHeapSize                   = 5824844                                {pd product} {ergonomic}
    uintx NonProfiledCodeHeapSize                  = 122916698                              {pd product} {ergonomic}
    uintx ProfiledCodeHeapSize                     = 122916698                              {pd product} {ergonomic}
    uintx ReservedCodeCacheSize                    = 251658240                              {pd product} {ergonomic}
     bool SegmentedCodeCache                       = true                                      {product} {ergonomic}
     bool UseCompressedClassPointers               = true                                 {lp64_product} {ergonomic}
     bool UseCompressedOops                        = true                                 {lp64_product} {ergonomic}
     bool UseG1GC                                  = true                                      {product} {ergonomic}
     bool UseLargePagesIndividualAllocation        = false                                  {pd product} {ergonomic}

Logging:
Log output configuration:
 #0: stdout all=warning uptime,level,tags
 #1: stderr all=off uptime,level,tags

Environment Variables:
JAVA_HOME=C:\JDK\jdk-11.0.2\jdk-11.0.2
PATH=C:\Windows\system32;C:\Windows;C:\Windows\System32\Wbem;C:\Windows\System32\WindowsPowerShell\v1.0\;C:\Program Files\Git\cmd;C:\JDK\jdk-11.0.2\jdk-11.0.2\bin;C:\MAVEN\apache-maven-3.6.0\apache-maven-3.6.0\bin
USERNAME=User
OS=Windows_NT
PROCESSOR_IDENTIFIER=Intel64 Family 6 Model 23 Stepping 6, GenuineIntel



---------------  S Y S T E M  ---------------

OS: Windows 7 , 64 bit Build 7601 (6.1.7601.23572)

CPU:total 2 (initial active 2) (2 cores per cpu, 1 threads per core) family 6 model 23 stepping 6, cmov, cx8, fxsr, mmx, sse, sse2, sse3, ssse3, sse4.1, tsc

Memory: 4k page, system-wide physical 4093M (479M free)
TotalPageFile size 4092M (AvailPageFile size 25M)
current process WorkingSet (physical memory assigned to process): 293M, peak: 301M
current process commit charge ("private bytes"): 318M, peak: 347M

vm_info: Java HotSpot(TM) 64-Bit Server VM (11.0.2+9-LTS) for windows-amd64 JRE (11.0.2+9-LTS), built on Jan 18 2019 05:24:10 by "mach5one" with MS VC++ 15.5 (VS2017)

END.
