2019-02-15 14:52:47 DEBUG                     DEBUG                      - SimpleDTOTransformer.transform: {"name":"Copenhagen","district":null,"region":null,"id":0} DTO object
2019-02-15 15:02:55 DEBUG                     DEBUG                      - SimpleDTOTransformer.transform: {"name":"Copenhagen","district":null,"region":null,"id":0} DTO object
2019-02-15 15:03:48 DEBUG                     DEBUG                      - SimpleDTOTransformer.transform: {"name":"Copenhagen","district":null,"region":null,"id":0} DTO object
2019-02-15 15:10:31 DEBUG                     DEBUG                      - SimpleDTOTransformer.transform: {"name":"Copenhagen","district":null,"region":null,"id":0} DTO object
2019-02-15 15:11:17 DEBUG                     DEBUG                      - SimpleDTOTransformer.transform: {"name":"Copenhagen","district":null,"region":null,"id":0} DTO object
2019-02-15 15:12:06 DEBUG                     DEBUG                      - SimpleDTOTransformer.transform: {"name":"Copenhagen","district":null,"region":null,"id":0} DTO object
2019-02-15 15:14:23 DEBUG                     DEBUG                      - SimpleDTOTransformer.transform: {"name":"Copenhagen","district":null,"region":null,"id":0} DTO object
2019-02-15 15:17:16 DEBUG                     DEBUG                      - SimpleDTOTransformer.transform: {"name":"Copenhagen","district":null,"region":null,"id":0} DTO object
2019-02-15 15:31:01 DEBUG                     DEBUG                      - SimpleDTOTransformer.transform: {"name":"Copenhagen","district":null,"region":null,"id":1} DTO object
2019-02-15 15:31:02 DEBUG                     DEBUG                      - SimpleDTOTransformer.transform: {"name":"Copenhagen","district":null,"region":null,"id":1} DTO object
2019-02-15 15:35:27 DEBUG                     DEBUG                      - SimpleDTOTransformer.transform: {"name":"Copenhagen","district":null,"region":null,"id":1} DTO object
2019-02-15 15:35:29 DEBUG                     DEBUG                      - SimpleDTOTransformer.transform: {"name":"Copenhagen","district":null,"region":null,"id":1} DTO object
2019-02-15 15:35:58 DEBUG                     DEBUG                      - SimpleDTOTransformer.transform: {"name":"Copenhagen","district":null,"region":null,"id":1} DTO object
2019-02-15 15:35:59 DEBUG                     DEBUG                      - SimpleDTOTransformer.transform: {"name":"Copenhagen","district":null,"region":null,"id":1} DTO object
2019-02-15 15:39:14 DEBUG                     DEBUG                      - SimpleDTOTransformer.transform: {"name":"Copenhagen","district":null,"region":null,"id":1} DTO object
2019-02-15 15:39:15 DEBUG                     DEBUG                      - SimpleDTOTransformer.transform: {"name":"Copenhagen","district":null,"region":null,"id":1} DTO object
2019-02-15 15:50:00 DEBUG                     DEBUG                      - SimpleDTOTransformer.transform: {"name":"Copenhagen","district":null,"region":null,"id":1} DTO object
2019-02-15 15:50:02 DEBUG                     DEBUG                      - SimpleDTOTransformer.transform: {"name":"Copenhagen","district":null,"region":null,"id":1} DTO object
2019-02-15 16:58:48 DEBUG                     DEBUG                      - SimpleDTOTransformer.transform: {"name":"Copenhagen","district":null,"region":null,"id":1} DTO object
2019-02-15 16:58:49 DEBUG                     DEBUG                      - SimpleDTOTransformer.transform: {"name":"Copenhagen","district":null,"region":null,"id":1} DTO object
2019-02-15 17:01:18 DEBUG                     DEBUG                      - SimpleDTOTransformer.transform: {"name":"Copenhagen","district":null,"region":null,"id":1} DTO object
2019-02-15 17:01:20 DEBUG                     DEBUG                      - SimpleDTOTransformer.transform: {"name":"Copenhagen","district":null,"region":null,"id":1} DTO object
2019-02-15 17:06:02 DEBUG                     DEBUG                      - SimpleDTOTransformer.transform: {"name":"Copenhagen","district":null,"region":null,"id":1} DTO object
2019-02-15 17:06:05 DEBUG                     DEBUG                      - SimpleDTOTransformer.transform: {"name":"Copenhagen","district":null,"region":null,"id":1} DTO object
2019-02-15 17:08:30 DEBUG                     DEBUG                      - SimpleDTOTransformer.transform: {"name":"Copenhagen","district":null,"region":null,"id":1} DTO object
2019-02-15 17:08:32 DEBUG                     DEBUG                      - SimpleDTOTransformer.transform: {"name":"Copenhagen","district":null,"region":null,"id":1} DTO object
2019-02-15 17:31:42 DEBUG                     DEBUG                      - SimpleDTOTransformer.untransform: {"name":"yokohama","district":null,"region":null,"stations":null,"createdAt":null,"updatedAt":null,"createdBy":null,"updatedBy":null,"id":10000} Entity object
2019-02-15 17:37:58 DEBUG                     DEBUG                      - SimpleDTOTransformer.untransform: {"name":"yokohama","district":null,"region":null,"stations":null,"createdAt":null,"updatedAt":null,"createdBy":null,"updatedBy":null,"id":10000} Entity object
2019-02-15 17:41:02 DEBUG                     DEBUG                      - SimpleDTOTransformer.untransform: {"name":"yokohama","district":null,"region":null,"stations":null,"createdAt":null,"updatedAt":null,"createdBy":null,"updatedBy":null,"id":10000} Entity object
2019-02-15 17:50:39 DEBUG                     DEBUG                      - SimpleDTOTransformer.untransform: {"name":"yokohama","district":null,"region":null,"stations":null,"createdAt":null,"updatedAt":null,"createdBy":null,"updatedBy":null,"id":10000} Entity object
2019-02-15 17:50:40 DEBUG                     DEBUG                      - SimpleDTOTransformer.transform: {"name":"Copenhagen","district":null,"region":null,"id":1} DTO object
2019-02-15 17:50:40 DEBUG                     DEBUG                      - SimpleDTOTransformer.transform: {"name":"Copenhagen","district":null,"region":null,"id":1} DTO object
2019-02-15 17:56:42 DEBUG                     DEBUG                      - SimpleDTOTransformer.untransform: {"name":"yokohama","district":null,"region":null,"stations":null,"createdAt":null,"updatedAt":null,"createdBy":null,"updatedBy":null,"id":10000} Entity object
2019-02-15 17:56:42 DEBUG                     DEBUG                      - SimpleDTOTransformer.transform: {"name":"Copenhagen","district":null,"region":null,"id":1} DTO object
2019-02-15 17:56:43 DEBUG                     DEBUG                      - SimpleDTOTransformer.transform: {"name":"Copenhagen","district":null,"region":null,"id":1} DTO object
2019-02-15 20:56:54 DEBUG                     DEBUG                      - SimpleDTOTransformer.untransform: {"name":"yokohama","district":null,"region":null,"stations":null,"createdAt":null,"updatedAt":null,"createdBy":null,"updatedBy":null,"id":10000} Entity object
2019-02-15 20:56:54 DEBUG                     DEBUG                      - SimpleDTOTransformer.transform: {"name":"Copenhagen","district":null,"region":null,"id":1} DTO object
2019-02-15 20:56:55 DEBUG                     DEBUG                      - SimpleDTOTransformer.transform: {"name":"Copenhagen","district":null,"region":null,"id":1} DTO object
2019-02-18 09:15:43 DEBUG                     DEBUG                      - SimpleDTOTransformer.untransform: {"name":"yokohama","district":null,"region":null,"stations":null,"createdAt":null,"updatedAt":null,"createdBy":null,"updatedBy":null,"id":10000} Entity object
2019-02-18 09:15:44 DEBUG                     DEBUG                      - SimpleDTOTransformer.transform: {"name":"Copenhagen","district":null,"region":null,"id":1} DTO object
2019-02-18 09:15:44 DEBUG                     DEBUG                      - SimpleDTOTransformer.transform: {"name":"Copenhagen","district":null,"region":null,"id":1} DTO object
2019-02-18 09:31:48 DEBUG                     DEBUG                      - SimpleDTOTransformer.untransform: {"name":"yokohama","district":null,"region":null,"stations":null,"createdAt":null,"updatedAt":null,"createdBy":null,"updatedBy":null,"id":10000} Entity object
2019-02-18 09:31:49 DEBUG                     DEBUG                      - SimpleDTOTransformer.transform: {"name":"Copenhagen","district":null,"region":null,"id":1} DTO object
2019-02-18 09:31:49 DEBUG                     DEBUG                      - SimpleDTOTransformer.transform: {"name":"Copenhagen","district":null,"region":null,"id":1} DTO object
2019-02-18 09:34:43 DEBUG                     DEBUG                      - SimpleDTOTransformer.untransform: {"name":"yokohama","district":null,"region":null,"stations":null,"createdAt":null,"updatedAt":null,"createdBy":null,"updatedBy":null,"id":10000} Entity object
2019-02-18 09:34:44 DEBUG                     DEBUG                      - SimpleDTOTransformer.transform: {"name":"Copenhagen","district":null,"region":null,"id":1} DTO object
2019-02-18 09:34:44 DEBUG                     DEBUG                      - SimpleDTOTransformer.transform: {"name":"Copenhagen","district":null,"region":null,"id":1} DTO object
2019-02-18 09:37:24 DEBUG                     DEBUG                      - SimpleDTOTransformer.untransform: {"name":"yokohama","district":null,"region":null,"stations":null,"createdAt":null,"updatedAt":null,"createdBy":null,"updatedBy":null,"id":10000} Entity object
2019-02-18 09:37:25 DEBUG                     DEBUG                      - SimpleDTOTransformer.transform: {"name":"Copenhagen","district":null,"region":null,"id":1} DTO object
2019-02-18 09:37:25 DEBUG                     DEBUG                      - SimpleDTOTransformer.transform: {"name":"Copenhagen","district":null,"region":null,"id":1} DTO object
2019-02-18 09:38:46 DEBUG                     DEBUG                      - SimpleDTOTransformer.untransform: {"name":"yokohama","district":null,"region":null,"stations":null,"createdAt":null,"updatedAt":null,"createdBy":null,"updatedBy":null,"id":10000} Entity object
2019-02-18 09:38:46 DEBUG                     DEBUG                      - SimpleDTOTransformer.transform: {"name":"Copenhagen","district":null,"region":null,"id":1} DTO object
2019-02-18 09:38:46 DEBUG                     DEBUG                      - SimpleDTOTransformer.transform: {"name":"Copenhagen","district":null,"region":null,"id":1} DTO object
2019-02-18 16:48:12 DEBUG                     DEBUG                      - SimpleDTOTransformer.untransform: {"name":"yokohama","district":null,"region":null,"stations":null,"createdAt":null,"updatedAt":null,"createdBy":null,"updatedBy":null,"id":10000} Entity object
2019-02-18 16:48:12 DEBUG                     DEBUG                      - SimpleDTOTransformer.transform: {"name":"Copenhagen","district":null,"region":null,"id":1} DTO object
2019-02-18 16:48:12 DEBUG                     DEBUG                      - SimpleDTOTransformer.transform: {"name":"Copenhagen","district":null,"region":null,"id":1} DTO object
2019-02-18 19:29:16 DEBUG                     DEBUG                      - SimpleDTOTransformer.untransform: {"name":"yokohama","district":null,"region":null,"stations":null,"createdAt":null,"updatedAt":null,"createdBy":null,"updatedBy":null,"id":10000} Entity object
2019-02-18 19:29:17 DEBUG                     DEBUG                      - SimpleDTOTransformer.transform: {"name":"Copenhagen","district":null,"region":null,"id":1} DTO object
2019-02-18 19:29:17 DEBUG                     DEBUG                      - SimpleDTOTransformer.transform: {"name":"Copenhagen","district":null,"region":null,"id":1} DTO object
2019-02-19 14:05:57 DEBUG                     DEBUG                      - SimpleDTOTransformer.untransform: {"name":"yokohama","district":null,"region":null,"stations":null,"createdAt":null,"updatedAt":null,"createdBy":null,"updatedBy":null,"id":10000} Entity object
2019-02-19 14:05:57 DEBUG                     DEBUG                      - SimpleDTOTransformer.transform: {"name":"Copenhagen","district":null,"region":null,"id":1} DTO object
2019-02-19 14:05:57 DEBUG                     DEBUG                      - SimpleDTOTransformer.transform: {"name":"Copenhagen","district":null,"region":null,"id":1} DTO object
2019-02-19 14:08:09 DEBUG                     DEBUG                      - SimpleDTOTransformer.untransform: {"name":"yokohama","district":null,"region":null,"stations":null,"createdAt":null,"updatedAt":null,"createdBy":null,"updatedBy":null,"id":10000} Entity object
2019-02-19 14:08:10 DEBUG                     DEBUG                      - SimpleDTOTransformer.transform: {"name":"Copenhagen","district":null,"region":null,"id":1} DTO object
2019-02-19 14:08:10 DEBUG                     DEBUG                      - SimpleDTOTransformer.transform: {"name":"Copenhagen","district":null,"region":null,"id":1} DTO object
2019-02-19 14:24:32 DEBUG                     DEBUG                      - SimpleDTOTransformer.untransform: {"name":"yokohama","district":null,"region":null,"stations":null,"createdAt":null,"updatedAt":null,"createdBy":null,"updatedBy":null,"id":10000} Entity object
2019-02-19 14:24:33 DEBUG                     DEBUG                      - SimpleDTOTransformer.transform: {"name":"Copenhagen","district":null,"region":null,"id":1} DTO object
2019-02-19 14:24:33 DEBUG                     DEBUG                      - SimpleDTOTransformer.transform: {"name":"Copenhagen","district":null,"region":null,"id":1} DTO object
2019-02-19 15:58:33 DEBUG                     DEBUG                      - SimpleDTOTransformer.untransform: {"name":"yokohama","district":null,"region":null,"stations":null,"createdAt":null,"updatedAt":null,"createdBy":null,"updatedBy":null,"id":10000} Entity object
2019-02-19 15:58:34 DEBUG                     DEBUG                      - SimpleDTOTransformer.transform: {"name":"Copenhagen","district":null,"region":null,"id":1} DTO object
2019-02-19 15:58:34 DEBUG                     DEBUG                      - SimpleDTOTransformer.transform: {"name":"Copenhagen","district":null,"region":null,"id":1} DTO object
2019-02-19 16:28:41 DEBUG                     DEBUG                      - SimpleDTOTransformer.untransform: {"name":"yokohama","district":null,"region":null,"stations":null,"createdAt":null,"updatedAt":null,"createdBy":null,"updatedBy":null,"id":10000} Entity object
2019-02-19 16:28:41 DEBUG                     DEBUG                      - SimpleDTOTransformer.transform: {"name":"Copenhagen","district":null,"region":null,"id":1} DTO object
2019-02-19 16:28:41 DEBUG                     DEBUG                      - SimpleDTOTransformer.transform: {"name":"Copenhagen","district":null,"region":null,"id":1} DTO object
2019-02-19 16:39:33 DEBUG                     DEBUG                      - SimpleDTOTransformer.untransform: {"name":"yokohama","district":null,"region":null,"stations":null,"createdAt":null,"updatedAt":null,"createdBy":null,"updatedBy":null,"id":10000} Entity object
2019-02-19 16:39:33 DEBUG                     DEBUG                      - SimpleDTOTransformer.transform: {"name":"Copenhagen","district":null,"region":null,"id":1} DTO object
2019-02-19 16:39:33 DEBUG                     DEBUG                      - SimpleDTOTransformer.transform: {"name":"Copenhagen","district":null,"region":null,"id":1} DTO object
2019-02-20 12:43:01 DEBUG                     DEBUG                      - SimpleDTOTransformer.untransform: {"name":"yokohama","district":null,"region":null,"stations":null,"createdAt":null,"updatedAt":null,"createdBy":null,"updatedBy":null,"id":10000} Entity object
2019-02-20 12:43:01 DEBUG                     DEBUG                      - SimpleDTOTransformer.transform: {"name":"Copenhagen","district":null,"region":null,"id":1} DTO object
2019-02-20 12:43:02 DEBUG                     DEBUG                      - SimpleDTOTransformer.transform: {"name":"Copenhagen","district":null,"region":null,"id":1} DTO object
2019-02-22 13:42:28 DEBUG                     DEBUG                      - SimpleDTOTransformer.untransform: {"name":"stuttgart","district":null,"region":null,"stations":null,"coordinates":null,"createdAt":null,"updatedAt":null,"createdBy":null,"updatedBy":null,"id":0} Entity object
2019-02-22 13:42:28 DEBUG                     DEBUG                      - SimpleDTOTransformer.transform: {"name":"odessa","district":null,"region":null,"id":0} DTO object
2019-02-22 15:13:33 DEBUG                     DEBUG                      - SimpleDTOTransformer.untransform: {"name":"stuttgart","district":null,"region":null,"stations":null,"coordinates":null,"createdAt":null,"updatedAt":null,"createdBy":null,"updatedBy":null,"id":0} Entity object
2019-02-22 15:13:33 DEBUG                     DEBUG                      - SimpleDTOTransformer.transform: {"name":"odessa","district":null,"region":null,"id":0} DTO object
2019-02-22 15:17:35 DEBUG                     DEBUG                      - SimpleDTOTransformer.untransform: {"name":"stuttgart","district":null,"region":null,"stations":null,"coordinates":null,"createdAt":null,"updatedAt":null,"createdBy":null,"updatedBy":null,"id":0} Entity object
2019-02-22 15:17:35 DEBUG                     DEBUG                      - SimpleDTOTransformer.transform: {"name":"odessa","district":null,"region":null,"id":0} DTO object
2019-02-22 15:21:47 DEBUG                     DEBUG                      - SimpleDTOTransformer.untransform: {"name":"stuttgart","district":null,"region":null,"stations":null,"coordinates":null,"createdAt":null,"updatedAt":null,"createdBy":null,"updatedBy":null,"id":0} Entity object
2019-02-22 15:21:47 DEBUG                     DEBUG                      - SimpleDTOTransformer.transform: {"name":"odessa","district":null,"region":null,"id":0} DTO object
2019-02-22 15:25:09 DEBUG                     DEBUG                      - SimpleDTOTransformer.untransform: {"name":"stuttgart","district":null,"region":null,"stations":null,"coordinates":null,"createdAt":null,"updatedAt":null,"createdBy":null,"updatedBy":null,"id":0} Entity object
2019-02-22 15:25:09 DEBUG                     DEBUG                      - SimpleDTOTransformer.transform: {"name":"odessa","district":null,"region":null,"id":0} DTO object
2019-02-22 15:28:17 DEBUG                     DEBUG                      - SimpleDTOTransformer.untransform: {"name":"stuttgart","district":null,"region":null,"stations":null,"coordinates":null,"createdAt":null,"updatedAt":null,"createdBy":null,"updatedBy":null,"id":0} Entity object
2019-02-22 15:28:17 DEBUG                     DEBUG                      - SimpleDTOTransformer.transform: {"name":"odessa","district":null,"region":null,"id":0} DTO object
2019-02-22 15:31:40 DEBUG                     DEBUG                      - SimpleDTOTransformer.untransform: {"name":"stuttgart","district":null,"region":null,"stations":null,"coordinates":null,"createdAt":null,"updatedAt":null,"createdBy":null,"updatedBy":null,"id":0} Entity object
2019-02-22 15:31:40 DEBUG                     DEBUG                      - SimpleDTOTransformer.transform: {"name":"odessa","district":null,"region":null,"id":0} DTO object
2019-02-22 15:34:40 DEBUG                     DEBUG                      - SimpleDTOTransformer.untransform: {"name":"yokohama","district":null,"region":null,"stations":null,"coordinates":null,"createdAt":null,"updatedAt":null,"createdBy":null,"updatedBy":null,"id":10000} Entity object
2019-02-22 15:34:41 DEBUG                     DEBUG                      - SimpleDTOTransformer.transform: {"name":"Copenhagen","district":null,"region":null,"id":1} DTO object
2019-02-22 15:34:42 DEBUG                     DEBUG                      - SimpleDTOTransformer.transform: {"name":"Copenhagen","district":null,"region":null,"id":1} DTO object
2019-02-22 15:34:44 DEBUG                     DEBUG                      - SimpleDTOTransformer.untransform: {"name":"stuttgart","district":null,"region":null,"stations":null,"coordinates":null,"createdAt":null,"updatedAt":null,"createdBy":null,"updatedBy":null,"id":0} Entity object
2019-02-22 15:34:44 DEBUG                     DEBUG                      - SimpleDTOTransformer.transform: {"name":"odessa","district":null,"region":null,"id":0} DTO object
2019-02-22 16:09:58 DEBUG                     DEBUG                      - SimpleDTOTransformer.untransform: {"name":"stuttgart","district":null,"region":null,"stations":null,"coordinates":null,"createdAt":null,"updatedAt":null,"createdBy":null,"updatedBy":null,"id":0} Entity object
2019-02-22 16:09:58 DEBUG                     DEBUG                      - SimpleDTOTransformer.transform: {"name":"odessa","district":null,"region":null,"id":0} DTO object
2019-02-22 18:53:53 DEBUG                     DEBUG                      - SimpleDTOTransformer.untransform: {"name":"stuttgart","district":null,"region":null,"stations":null,"coordinates":null,"createdAt":null,"updatedAt":null,"createdBy":null,"updatedBy":null,"id":0} Entity object
2019-02-22 18:53:53 DEBUG                     DEBUG                      - SimpleDTOTransformer.transform: {"name":"odessa","district":null,"region":null,"id":0} DTO object
2019-02-22 20:45:20 DEBUG                     DEBUG                      - SimpleDTOTransformer.untransform: {"name":"stuttgart","district":null,"region":null,"stations":null,"coordinates":null,"createdAt":null,"updatedAt":null,"createdBy":null,"updatedBy":null,"id":0} Entity object
2019-02-22 20:45:20 DEBUG                     DEBUG                      - SimpleDTOTransformer.transform: {"name":"odessa","district":null,"region":null,"id":0} DTO object
2019-02-22 21:17:10 DEBUG                     DEBUG                      - SimpleDTOTransformer.untransform: {"name":"yokohama","district":null,"region":null,"stations":null,"coordinates":null,"createdAt":null,"updatedAt":null,"createdBy":null,"updatedBy":null,"id":10000} Entity object
2019-02-22 21:17:11 DEBUG                     DEBUG                      - SimpleDTOTransformer.transform: {"name":"Copenhagen","district":null,"region":null,"id":1} DTO object
2019-02-22 21:17:13 DEBUG                     DEBUG                      - SimpleDTOTransformer.transform: {"name":"Copenhagen","district":null,"region":null,"id":1} DTO object
2019-02-22 21:17:16 DEBUG                     DEBUG                      - SimpleDTOTransformer.untransform: {"name":"stuttgart","district":null,"region":null,"stations":null,"coordinates":null,"createdAt":null,"updatedAt":null,"createdBy":null,"updatedBy":null,"id":0} Entity object
2019-02-22 21:17:16 DEBUG                     DEBUG                      - SimpleDTOTransformer.transform: {"name":"odessa","district":null,"region":null,"id":0} DTO object
2019-02-22 21:31:34 DEBUG                     DEBUG                      - SimpleDTOTransformer.untransform: {"name":"stuttgart","district":null,"region":null,"stations":null,"coordinates":null,"createdAt":null,"updatedAt":null,"createdBy":null,"updatedBy":null,"id":0} Entity object
2019-02-22 21:31:34 DEBUG                     DEBUG                      - SimpleDTOTransformer.transform: {"name":"odessa","district":null,"region":null,"id":0} DTO object
2019-02-22 21:38:41 DEBUG                     DEBUG                      - SimpleDTOTransformer.untransform: {"name":"stuttgart","district":null,"region":null,"stations":null,"coordinates":null,"createdAt":null,"updatedAt":null,"createdBy":null,"updatedBy":null,"id":0} Entity object
2019-02-22 21:38:41 DEBUG                     DEBUG                      - SimpleDTOTransformer.transform: {"name":"odessa","district":null,"region":null,"id":0} DTO object
2019-02-22 21:44:48 DEBUG                     DEBUG                      - SimpleDTOTransformer.untransform: {"name":"stuttgart","district":null,"region":null,"stations":null,"coordinates":null,"createdAt":null,"updatedAt":null,"createdBy":null,"updatedBy":null,"id":0} Entity object
2019-02-22 21:44:48 DEBUG                     DEBUG                      - SimpleDTOTransformer.transform: {"name":"odessa","district":null,"region":null,"id":0} DTO object
2019-02-22 21:53:43 DEBUG                     DEBUG                      - SimpleDTOTransformer.untransform: {"name":"stuttgart","district":null,"region":null,"stations":null,"coordinates":null,"createdAt":null,"updatedAt":null,"createdBy":null,"updatedBy":null,"id":0} Entity object
2019-02-22 21:53:43 DEBUG                     DEBUG                      - SimpleDTOTransformer.transform: {"name":"odessa","district":null,"region":null,"id":0} DTO object
2019-02-22 21:57:53 DEBUG                     DEBUG                      - SimpleDTOTransformer.untransform: {"name":"yokohama","district":null,"region":null,"stations":null,"coordinates":null,"createdAt":null,"updatedAt":null,"createdBy":null,"updatedBy":null,"id":10000} Entity object
2019-02-22 21:57:55 DEBUG                     DEBUG                      - SimpleDTOTransformer.transform: {"name":"Copenhagen","district":"Vesterbro","region":"Capital Region of Denmark","id":1} DTO object
2019-02-22 21:57:55 DEBUG                     DEBUG                      - SimpleDTOTransformer.transform: {"name":"Copenhagen","district":"Vesterbro","region":"Capital Region of Denmark","id":2} DTO object
2019-02-22 21:57:55 DEBUG                     DEBUG                      - SimpleDTOTransformer.transform: {"name":"Copenhagen","district":"Vesterbro","region":"Capital Region of Denmark","id":3} DTO object
2019-02-22 21:57:56 DEBUG                     DEBUG                      - SimpleDTOTransformer.transform: {"name":"Copenhagen","district":"Vesterbro","region":"Capital Region of Denmark","id":1} DTO object
2019-02-22 21:57:58 DEBUG                     DEBUG                      - SimpleDTOTransformer.untransform: {"name":"stuttgart","district":null,"region":null,"stations":null,"coordinates":null,"createdAt":null,"updatedAt":null,"createdBy":null,"updatedBy":null,"id":0} Entity object
2019-02-22 21:57:58 DEBUG                     DEBUG                      - SimpleDTOTransformer.transform: {"name":"odessa","district":null,"region":null,"id":0} DTO object
2019-02-22 22:03:09 DEBUG                     DEBUG                      - SimpleDTOTransformer.transform: {"name":"Copenhagen","district":"Vesterbro","region":"Capital Region of Denmark","id":1} DTO object
2019-02-22 22:10:43 DEBUG                     DEBUG                      - SimpleDTOTransformer.transform: {"name":"Copenhagen","district":"Vesterbro","region":"Capital Region of Denmark","id":1} DTO object
2019-02-22 22:45:23 DEBUG                     DEBUG                      - SimpleDTOTransformer.untransform: {"name":"stuttgart","district":null,"region":null,"stations":null,"coordinates":null,"createdAt":null,"updatedAt":null,"createdBy":null,"updatedBy":null,"id":0} Entity object
2019-02-22 22:45:23 DEBUG                     DEBUG                      - SimpleDTOTransformer.transform: {"name":"odessa","district":null,"region":null,"id":0} DTO object
2019-02-23 00:32:12 DEBUG                     DEBUG                      - SimpleDTOTransformer.untransform: {"name":"stuttgart","district":null,"region":null,"stations":null,"coordinates":null,"createdAt":null,"updatedAt":null,"createdBy":null,"updatedBy":null,"id":0} Entity object
2019-02-23 00:32:12 DEBUG                     DEBUG                      - SimpleDTOTransformer.transform: {"name":"odessa","district":null,"region":null,"id":0} DTO object
2019-02-23 00:42:37 DEBUG                     DEBUG                      - SimpleDTOTransformer.untransform: {"name":"stuttgart","district":null,"region":null,"stations":null,"coordinates":null,"createdAt":null,"updatedAt":null,"createdBy":null,"updatedBy":null,"id":0} Entity object
2019-02-23 00:42:37 DEBUG                     DEBUG                      - SimpleDTOTransformer.transform: {"name":"odessa","district":null,"region":null,"id":0} DTO object
2019-02-23 00:46:15 DEBUG                     DEBUG                      - SimpleDTOTransformer.untransform: {"name":"stuttgart","district":null,"region":null,"stations":null,"coordinates":null,"createdAt":null,"updatedAt":null,"createdBy":null,"updatedBy":null,"id":0} Entity object
2019-02-23 00:46:15 DEBUG                     DEBUG                      - SimpleDTOTransformer.transform: {"name":"odessa","district":null,"region":null,"id":0} DTO object
2019-02-23 00:47:58 DEBUG                     DEBUG                      - SimpleDTOTransformer.untransform: {"name":"stuttgart","district":null,"region":null,"stations":null,"coordinates":null,"createdAt":null,"updatedAt":null,"createdBy":null,"updatedBy":null,"id":0} Entity object
2019-02-23 00:47:58 DEBUG                     DEBUG                      - SimpleDTOTransformer.transform: {"name":"odessa","district":null,"region":null,"id":0} DTO object
2019-02-23 00:51:52 DEBUG                     DEBUG                      - SimpleDTOTransformer.untransform: {"name":"yokohama","district":null,"region":null,"stations":null,"coordinates":null,"createdAt":null,"updatedAt":null,"createdBy":null,"updatedBy":null,"id":10000} Entity object
2019-02-23 00:51:53 DEBUG                     DEBUG                      - SimpleDTOTransformer.transform: {"name":"Copenhagen","district":"Vesterbro","region":"Capital Region of Denmark","id":1} DTO object
2019-02-23 00:51:53 DEBUG                     DEBUG                      - SimpleDTOTransformer.transform: {"name":"Copenhagen","district":"Vesterbro","region":"Capital Region of Denmark","id":2} DTO object
2019-02-23 00:51:53 DEBUG                     DEBUG                      - SimpleDTOTransformer.transform: {"name":"Copenhagen","district":"Vesterbro","region":"Capital Region of Denmark","id":3} DTO object
2019-02-23 00:51:55 DEBUG                     DEBUG                      - SimpleDTOTransformer.transform: {"name":"Copenhagen","district":"Vesterbro","region":"Capital Region of Denmark","id":1} DTO object
2019-02-23 00:51:57 DEBUG                     DEBUG                      - SimpleDTOTransformer.untransform: {"name":"stuttgart","district":null,"region":null,"stations":null,"coordinates":null,"createdAt":null,"updatedAt":null,"createdBy":null,"updatedBy":null,"id":0} Entity object
2019-02-23 00:51:57 DEBUG                     DEBUG                      - SimpleDTOTransformer.transform: {"name":"odessa","district":null,"region":null,"id":0} DTO object
2019-02-23 14:38:49 DEBUG                     DEBUG                      - SimpleDTOTransformer.untransform: {"name":"yokohama","district":null,"region":null,"stations":null,"coordinates":null,"createdAt":null,"updatedAt":null,"createdBy":null,"updatedBy":null,"id":10000} Entity object
2019-02-23 14:38:51 DEBUG                     DEBUG                      - SimpleDTOTransformer.transform: {"name":"Copenhagen","district":"Vesterbro","region":"Capital Region of Denmark","id":1} DTO object
2019-02-23 14:38:51 DEBUG                     DEBUG                      - SimpleDTOTransformer.transform: {"name":"Copenhagen","district":"Vesterbro","region":"Capital Region of Denmark","id":2} DTO object
2019-02-23 14:38:51 DEBUG                     DEBUG                      - SimpleDTOTransformer.transform: {"name":"Copenhagen","district":"Vesterbro","region":"Capital Region of Denmark","id":3} DTO object
2019-02-23 14:38:52 DEBUG                     DEBUG                      - SimpleDTOTransformer.transform: {"name":"Copenhagen","district":"Vesterbro","region":"Capital Region of Denmark","id":1} DTO object
2019-02-23 14:38:54 DEBUG                     DEBUG                      - SimpleDTOTransformer.untransform: {"name":"stuttgart","district":null,"region":null,"stations":null,"coordinates":null,"createdAt":null,"updatedAt":null,"createdBy":null,"updatedBy":null,"id":0} Entity object
2019-02-23 14:38:54 DEBUG                     DEBUG                      - SimpleDTOTransformer.transform: {"name":"odessa","district":null,"region":null,"id":0} DTO object
2019-02-23 14:43:04 DEBUG                     DEBUG                      - SimpleDTOTransformer.untransform: {"name":"yokohama","district":null,"region":null,"stations":null,"coordinates":null,"createdAt":null,"updatedAt":null,"createdBy":null,"updatedBy":null,"id":10000} Entity object
2019-02-23 14:43:05 DEBUG                     DEBUG                      - SimpleDTOTransformer.transform: {"name":"Copenhagen","district":"Vesterbro","region":"Capital Region of Denmark","id":1} DTO object
2019-02-23 14:43:05 DEBUG                     DEBUG                      - SimpleDTOTransformer.transform: {"name":"Copenhagen","district":"Vesterbro","region":"Capital Region of Denmark","id":2} DTO object
2019-02-23 14:43:05 DEBUG                     DEBUG                      - SimpleDTOTransformer.transform: {"name":"Copenhagen","district":"Vesterbro","region":"Capital Region of Denmark","id":3} DTO object
2019-02-23 14:43:06 DEBUG                     DEBUG                      - SimpleDTOTransformer.transform: {"name":"Copenhagen","district":"Vesterbro","region":"Capital Region of Denmark","id":1} DTO object
2019-02-23 14:43:08 DEBUG                     DEBUG                      - SimpleDTOTransformer.untransform: {"name":"stuttgart","district":null,"region":null,"stations":null,"coordinates":null,"createdAt":null,"updatedAt":null,"createdBy":null,"updatedBy":null,"id":0} Entity object
2019-02-23 14:43:08 DEBUG                     DEBUG                      - SimpleDTOTransformer.transform: {"name":"odessa","district":null,"region":null,"id":0} DTO object
